2019-01-28 16:39:23 +0000  Initial pipeline context: <IDEDistributionProcessingPipelineContext: 0x7ff1f30f2120; archive(resolved)='<IDEArchive: 0x7ff1f0c946f0>', distributionTask(resolved)='2', distributionDestination(resolved)='1', distributionMethod(resolved)='<IDEDistributionMethodDevelopmentSigned: 0x7ff1f2b7a9a0>', team(resolved)='<IDEProvisioningDisambiguatableBasicTeam: 0x7ff1fffcdae0; teamID='T5DJ84AD46', teamName='Martin Lippens', teamType='Individual', username='martin@dkextras.com', isFreeProvisioningTeam='0'>'>
	Chain (12, self inclusive):
	<IDEDistributionProcessingPipelineContext: 0x7ff1f30f2120; archive = '<IDEArchive: 0x7ff1f0c946f0>', distributionMethod='<IDEDistributionMethodDevelopmentSigned: 0x7ff1f2b7a9a0>', team='<IDEProvisioningDisambiguatableBasicTeam: 0x7ff1fffcdae0; teamID='T5DJ84AD46', teamName='Martin Lippens', teamType='Individual', username='martin@dkextras.com', isFreeProvisioningTeam='0'>'>
	<IDEDistributionProcessingPipelineContext: 0x7ff1f360d350; archive = '<IDEArchive: 0x7ff1f0c946f0>', distributionMethod='<IDEDistributionMethodDevelopmentSigned: 0x7ff1f2b7a9a0>', team='<IDEProvisioningDisambiguatableBasicTeam: 0x7ff1fffcdae0; teamID='T5DJ84AD46', teamName='Martin Lippens', teamType='Individual', username='martin@dkextras.com', isFreeProvisioningTeam='0'>'>
	<IDEDistributionContext: 0x7ff1f486f820; archive = '<IDEArchive: 0x7ff1f0c946f0>', distributionMethod='<IDEDistributionMethodDevelopmentSigned: 0x7ff1f2b7a9a0>', team='<IDEProvisioningDisambiguatableBasicTeam: 0x7ff1fffcdae0; teamID='T5DJ84AD46', teamName='Martin Lippens', teamType='Individual', username='martin@dkextras.com', isFreeProvisioningTeam='0'>'>
	<IDEDistributionContext: 0x7ff1ee5bd1c0; archive = '<IDEArchive: 0x7ff1f0c946f0>', distributionMethod='<IDEDistributionMethodDevelopmentSigned: 0x7ff1f2b7a9a0>', team='<IDEProvisioningDisambiguatableBasicTeam: 0x7ff1fffcdae0; teamID='T5DJ84AD46', teamName='Martin Lippens', teamType='Individual', username='martin@dkextras.com', isFreeProvisioningTeam='0'>'>
	<IDEDistributionContext: 0x7ff1f4900620; archive = '<IDEArchive: 0x7ff1f0c946f0>', distributionMethod='<IDEDistributionMethodDevelopmentSigned: 0x7ff1f2b7a9a0>', team='<IDEProvisioningDisambiguatableBasicTeam: 0x7ff1fffcdae0; teamID='T5DJ84AD46', teamName='Martin Lippens', teamType='Individual', username='martin@dkextras.com', isFreeProvisioningTeam='0'>'>
	<IDEDistributionContext: 0x7ff1ee1abf20; archive = '<IDEArchive: 0x7ff1f0c946f0>', distributionMethod='<IDEDistributionMethodDevelopmentSigned: 0x7ff1f2b7a9a0>', team='<IDEProvisioningDisambiguatableBasicTeam: 0x7ff1fffcdae0; teamID='T5DJ84AD46', teamName='Martin Lippens', teamType='Individual', username='martin@dkextras.com', isFreeProvisioningTeam='0'>'>
	<IDEDistributionContext: 0x7ff1ee5449f0; archive = '<IDEArchive: 0x7ff1f0c946f0>', distributionMethod='<IDEDistributionMethodDevelopmentSigned: 0x7ff1f2b7a9a0>', team='<IDEProvisioningDisambiguatableBasicTeam: 0x7ff1fffcdae0; teamID='T5DJ84AD46', teamName='Martin Lippens', teamType='Individual', username='martin@dkextras.com', isFreeProvisioningTeam='0'>'>
	<IDEDistributionContext: 0x7ff1f0dc3c60; archive = '<IDEArchive: 0x7ff1f0c946f0>', distributionMethod='<IDEDistributionMethodDevelopmentSigned: 0x7ff1f2b7a9a0>', team='<IDEProvisioningDisambiguatableBasicTeam: 0x7ff1fffcdae0; teamID='T5DJ84AD46', teamName='Martin Lippens', teamType='Individual', username='martin@dkextras.com', isFreeProvisioningTeam='0'>'>
	<IDEDistributionContext: 0x7ff1ec53bc90; archive = '<IDEArchive: 0x7ff1f0c946f0>', distributionMethod='<IDEDistributionMethodDevelopmentSigned: 0x7ff1f2b7a9a0>', team='<IDEProvisioningDisambiguatableBasicTeam: 0x7ff1fffcdae0; teamID='T5DJ84AD46', teamName='Martin Lippens', teamType='Individual', username='martin@dkextras.com', isFreeProvisioningTeam='0'>'>
	<IDEDistributionContext: 0x7ff1f2ab1880; archive = '<IDEArchive: 0x7ff1f0c946f0>', distributionMethod='<IDEDistributionMethodDevelopmentSigned: 0x7ff1f2b7a9a0>', team='(null)'>
	<IDEDistributionContext: 0x7ff1f3443cc0; archive = '<IDEArchive: 0x7ff1f0c946f0>', distributionMethod='<IDEDistributionMethodDevelopmentSigned: 0x7ff1f2b7a9a0>', team='(null)'>
	<IDEDistributionContext: 0x7ff1f33ed7f0; archive = '<IDEArchive: 0x7ff1f0c946f0>', distributionMethod='(null)', team='(null)'>
</IDEDistributionProcessingPipelineContext: 0x7ff1f30f2120>
2019-01-28 16:39:23 +0000  Processing step: IDEDistributionCreateDestRootStep
2019-01-28 16:39:23 +0000  Processing step: IDEDistributionCopyItemStep
2019-01-28 16:39:23 +0000  Running /usr/bin/ditto '-V' '/Users/sunset/Library/Developer/Xcode/Archives/2019-01-28/CleaningApp 1-28-19, 8.38 AM.xcarchive/Products/Applications/CleaningApp.app' '/var/folders/fx/64gn3_6n16xgfxq9_f0pd8b40000gn/T/XcodeDistPipeline.xtS/Root/Payload/CleaningApp.app'
2019-01-28 16:39:23 +0000  >>> Copying /Users/sunset/Library/Developer/Xcode/Archives/2019-01-28/CleaningApp 1-28-19, 8.38 AM.xcarchive/Products/Applications/CleaningApp.app 
2019-01-28 16:39:23 +0000  copying file ./_CodeSignature/CodeResources ... 
2019-01-28 16:39:23 +0000  76011 bytes for ./_CodeSignature/CodeResources
2019-01-28 16:39:23 +0000  copying file ./Octicons.ttf ... 
2019-01-28 16:39:23 +0000  27520 bytes for ./Octicons.ttf
copying file ./Feather.ttf ... 
2019-01-28 16:39:23 +0000  55288 bytes for ./Feather.ttf
copying file ./AppIcon-120x20@2x.png ... 
2019-01-28 16:39:23 +0000  1001 bytes for ./AppIcon-120x20@2x.png
2019-01-28 16:39:23 +0000  copying file ./AppIcon-129x29.png ... 
2019-01-28 16:39:23 +0000  653 bytes for ./AppIcon-129x29.png
copying file ./Entypo.ttf ... 
2019-01-28 16:39:23 +0000  65584 bytes for ./Entypo.ttf
2019-01-28 16:39:23 +0000  copying file ./AppIcon-120x20@3x.png ... 
2019-01-28 16:39:23 +0000  1346 bytes for ./AppIcon-120x20@3x.png
2019-01-28 16:39:23 +0000  copying file ./GoogleMaps.bundle/bubble_left@3x.png ... 
2019-01-28 16:39:23 +0000  2386 bytes for ./GoogleMaps.bundle/bubble_left@3x.png
2019-01-28 16:39:23 +0000  copying file ./GoogleMaps.bundle/bubble_left.png ... 
2019-01-28 16:39:23 +0000  451 bytes for ./GoogleMaps.bundle/bubble_left.png
copying file ./GoogleMaps.bundle/bubble_left@2x.png ... 
2019-01-28 16:39:23 +0000  1055 bytes for ./GoogleMaps.bundle/bubble_left@2x.png
copying file ./GoogleMaps.bundle/bubble_right@3x.png ... 
2019-01-28 16:39:23 +0000  2374 bytes for ./GoogleMaps.bundle/bubble_right@3x.png
copying file ./GoogleMaps.bundle/bubble_right@2x.png ... 
2019-01-28 16:39:23 +0000  1051 bytes for ./GoogleMaps.bundle/bubble_right@2x.png
2019-01-28 16:39:23 +0000  copying file ./GoogleMaps.bundle/GMSCoreResources.bundle/de.lproj/GMSCore.strings ... 
2019-01-28 16:39:23 +0000  849 bytes for ./GoogleMaps.bundle/GMSCoreResources.bundle/de.lproj/GMSCore.strings
2019-01-28 16:39:23 +0000  copying file ./GoogleMaps.bundle/GMSCoreResources.bundle/he.lproj/GMSCore.strings ... 
2019-01-28 16:39:23 +0000  930 bytes for ./GoogleMaps.bundle/GMSCoreResources.bundle/he.lproj/GMSCore.strings
2019-01-28 16:39:23 +0000  copying file ./GoogleMaps.bundle/GMSCoreResources.bundle/en_AU.lproj/GMSCore.strings ... 
2019-01-28 16:39:23 +0000  801 bytes for ./GoogleMaps.bundle/GMSCoreResources.bundle/en_AU.lproj/GMSCore.strings
2019-01-28 16:39:23 +0000  copying file ./GoogleMaps.bundle/GMSCoreResources.bundle/ar.lproj/GMSCore.strings ... 
2019-01-28 16:39:23 +0000  992 bytes for ./GoogleMaps.bundle/GMSCoreResources.bundle/ar.lproj/GMSCore.strings
2019-01-28 16:39:23 +0000  copying file ./GoogleMaps.bundle/GMSCoreResources.bundle/el.lproj/GMSCore.strings ... 
2019-01-28 16:39:23 +0000  996 bytes for ./GoogleMaps.bundle/GMSCoreResources.bundle/el.lproj/GMSCore.strings
2019-01-28 16:39:23 +0000  copying file ./GoogleMaps.bundle/GMSCoreResources.bundle/ja.lproj/GMSCore.strings ... 
2019-01-28 16:39:23 +0000  776 bytes for ./GoogleMaps.bundle/GMSCoreResources.bundle/ja.lproj/GMSCore.strings
2019-01-28 16:39:23 +0000  copying file ./GoogleMaps.bundle/GMSCoreResources.bundle/iw.lproj/GMSCore.strings ... 
2019-01-28 16:39:23 +0000  930 bytes for ./GoogleMaps.bundle/GMSCoreResources.bundle/iw.lproj/GMSCore.strings
2019-01-28 16:39:23 +0000  copying file ./GoogleMaps.bundle/GMSCoreResources.bundle/ic_qu_direction_mylocation@2x.png ... 
2019-01-28 16:39:23 +0000  663 bytes for ./GoogleMaps.bundle/GMSCoreResources.bundle/ic_qu_direction_mylocation@2x.png
2019-01-28 16:39:23 +0000  copying file ./GoogleMaps.bundle/GMSCoreResources.bundle/en.lproj/GMSCore.strings ... 
2019-01-28 16:39:23 +0000  801 bytes for ./GoogleMaps.bundle/GMSCoreResources.bundle/en.lproj/GMSCore.strings
2019-01-28 16:39:23 +0000  copying file ./GoogleMaps.bundle/GMSCoreResources.bundle/uk.lproj/GMSCore.strings ... 
2019-01-28 16:39:23 +0000  982 bytes for ./GoogleMaps.bundle/GMSCoreResources.bundle/uk.lproj/GMSCore.strings
2019-01-28 16:39:23 +0000  copying file ./GoogleMaps.bundle/GMSCoreResources.bundle/ic_qu_direction_mylocation.png ... 
2019-01-28 16:39:23 +0000  362 bytes for ./GoogleMaps.bundle/GMSCoreResources.bundle/ic_qu_direction_mylocation.png
2019-01-28 16:39:23 +0000  copying file ./GoogleMaps.bundle/GMSCoreResources.bundle/es_419.lproj/GMSCore.strings ... 
2019-01-28 16:39:23 +0000  1016 bytes for ./GoogleMaps.bundle/GMSCoreResources.bundle/es_419.lproj/GMSCore.strings
2019-01-28 16:39:23 +0000  copying file ./GoogleMaps.bundle/GMSCoreResources.bundle/GMSSprites-0-1x.png ... 
2019-01-28 16:39:23 +0000  10365 bytes for ./GoogleMaps.bundle/GMSCoreResources.bundle/GMSSprites-0-1x.png
2019-01-28 16:39:23 +0000  copying file ./GoogleMaps.bundle/GMSCoreResources.bundle/ic_compass_needle_large@2x.png ... 
2019-01-28 16:39:23 +0000  2446 bytes for ./GoogleMaps.bundle/GMSCoreResources.bundle/ic_compass_needle_large@2x.png
2019-01-28 16:39:23 +0000  copying file ./GoogleMaps.bundle/GMSCoreResources.bundle/ic_compass_needle_large@3x.png ... 
2019-01-28 16:39:23 +0000  3304 bytes for ./GoogleMaps.bundle/GMSCoreResources.bundle/ic_compass_needle_large@3x.png
2019-01-28 16:39:23 +0000  copying file ./GoogleMaps.bundle/GMSCoreResources.bundle/es_MX.lproj/GMSCore.strings ... 
2019-01-28 16:39:23 +0000  1016 bytes for ./GoogleMaps.bundle/GMSCoreResources.bundle/es_MX.lproj/GMSCore.strings
2019-01-28 16:39:23 +0000  copying file ./GoogleMaps.bundle/GMSCoreResources.bundle/ic_compass_needle_large.png ... 
2019-01-28 16:39:23 +0000  1114 bytes for ./GoogleMaps.bundle/GMSCoreResources.bundle/ic_compass_needle_large.png
2019-01-28 16:39:23 +0000  copying file ./GoogleMaps.bundle/GMSCoreResources.bundle/zh_CN.lproj/GMSCore.strings ... 
2019-01-28 16:39:23 +0000  748 bytes for ./GoogleMaps.bundle/GMSCoreResources.bundle/zh_CN.lproj/GMSCore.strings
2019-01-28 16:39:23 +0000  copying file ./GoogleMaps.bundle/GMSCoreResources.bundle/ic_qu_direction_mylocation@3x.png ... 
2019-01-28 16:39:23 +0000  1240 bytes for ./GoogleMaps.bundle/GMSCoreResources.bundle/ic_qu_direction_mylocation@3x.png
2019-01-28 16:39:23 +0000  copying file ./GoogleMaps.bundle/GMSCoreResources.bundle/DroidSansMerged-Regular.ttf ... 
2019-01-28 16:39:23 +0000  392092 bytes for ./GoogleMaps.bundle/GMSCoreResources.bundle/DroidSansMerged-Regular.ttf
copying file ./GoogleMaps.bundle/GMSCoreResources.bundle/nb.lproj/GMSCore.strings ... 
2019-01-28 16:39:23 +0000  841 bytes for ./GoogleMaps.bundle/GMSCoreResources.bundle/nb.lproj/GMSCore.strings
2019-01-28 16:39:23 +0000  copying file ./GoogleMaps.bundle/GMSCoreResources.bundle/es.lproj/GMSCore.strings ... 
2019-01-28 16:39:23 +0000  1019 bytes for ./GoogleMaps.bundle/GMSCoreResources.bundle/es.lproj/GMSCore.strings
2019-01-28 16:39:23 +0000  copying file ./GoogleMaps.bundle/GMSCoreResources.bundle/traffic_endcap.png ... 
2019-01-28 16:39:23 +0000  210 bytes for ./GoogleMaps.bundle/GMSCoreResources.bundle/traffic_endcap.png
2019-01-28 16:39:23 +0000  copying file ./GoogleMaps.bundle/GMSCoreResources.bundle/pt_BR.lproj/GMSCore.strings ... 
2019-01-28 16:39:23 +0000  948 bytes for ./GoogleMaps.bundle/GMSCoreResources.bundle/pt_BR.lproj/GMSCore.strings
copying file ./GoogleMaps.bundle/GMSCoreResources.bundle/da.lproj/GMSCore.strings ... 
2019-01-28 16:39:23 +0000  924 bytes for ./GoogleMaps.bundle/GMSCoreResources.bundle/da.lproj/GMSCore.strings
2019-01-28 16:39:23 +0000  copying file ./GoogleMaps.bundle/GMSCoreResources.bundle/ic_location_off@3x.png ... 
2019-01-28 16:39:23 +0000  1577 bytes for ./GoogleMaps.bundle/GMSCoreResources.bundle/ic_location_off@3x.png
copying file ./GoogleMaps.bundle/GMSCoreResources.bundle/it.lproj/GMSCore.strings ... 
2019-01-28 16:39:23 +0000  876 bytes for ./GoogleMaps.bundle/GMSCoreResources.bundle/it.lproj/GMSCore.strings
2019-01-28 16:39:23 +0000  copying file ./GoogleMaps.bundle/GMSCoreResources.bundle/sk.lproj/GMSCore.strings ... 
2019-01-28 16:39:23 +0000  904 bytes for ./GoogleMaps.bundle/GMSCoreResources.bundle/sk.lproj/GMSCore.strings
2019-01-28 16:39:23 +0000  copying file ./GoogleMaps.bundle/GMSCoreResources.bundle/GMSNavSprites-0-3x.png ... 
2019-01-28 16:39:23 +0000  10683 bytes for ./GoogleMaps.bundle/GMSCoreResources.bundle/GMSNavSprites-0-3x.png
2019-01-28 16:39:23 +0000  copying file ./GoogleMaps.bundle/GMSCoreResources.bundle/pt_PT.lproj/GMSCore.strings ... 
2019-01-28 16:39:23 +0000  992 bytes for ./GoogleMaps.bundle/GMSCoreResources.bundle/pt_PT.lproj/GMSCore.strings
2019-01-28 16:39:23 +0000  copying file ./GoogleMaps.bundle/GMSCoreResources.bundle/button_compass_night.png ... 
2019-01-28 16:39:23 +0000  720 bytes for ./GoogleMaps.bundle/GMSCoreResources.bundle/button_compass_night.png
copying file ./GoogleMaps.bundle/GMSCoreResources.bundle/button_my_location.png ... 
2019-01-28 16:39:23 +0000  492 bytes for ./GoogleMaps.bundle/GMSCoreResources.bundle/button_my_location.png
2019-01-28 16:39:23 +0000  copying file ./GoogleMaps.bundle/GMSCoreResources.bundle/road_16-4.png ... 
2019-01-28 16:39:23 +0000  127 bytes for ./GoogleMaps.bundle/GMSCoreResources.bundle/road_16-4.png
2019-01-28 16:39:23 +0000  copying file ./GoogleMaps.bundle/GMSCoreResources.bundle/ms.lproj/GMSCore.strings ... 
2019-01-28 16:39:23 +0000  821 bytes for ./GoogleMaps.bundle/GMSCoreResources.bundle/ms.lproj/GMSCore.strings
2019-01-28 16:39:23 +0000  copying file ./GoogleMaps.bundle/GMSCoreResources.bundle/road_256-64.png ... 
2019-01-28 16:39:23 +0000  1934 bytes for ./GoogleMaps.bundle/GMSCoreResources.bundle/road_256-64.png
2019-01-28 16:39:23 +0000  copying file ./GoogleMaps.bundle/GMSCoreResources.bundle/button_compass.png ... 
2019-01-28 16:39:23 +0000  631 bytes for ./GoogleMaps.bundle/GMSCoreResources.bundle/button_compass.png
2019-01-28 16:39:23 +0000  copying file ./GoogleMaps.bundle/GMSCoreResources.bundle/sv.lproj/GMSCore.strings ... 
2019-01-28 16:39:23 +0000  893 bytes for ./GoogleMaps.bundle/GMSCoreResources.bundle/sv.lproj/GMSCore.strings
2019-01-28 16:39:23 +0000  copying file ./GoogleMaps.bundle/GMSCoreResources.bundle/road_8-2.png ... 
2019-01-28 16:39:23 +0000  93 bytes for ./GoogleMaps.bundle/GMSCoreResources.bundle/road_8-2.png
2019-01-28 16:39:23 +0000  copying file ./GoogleMaps.bundle/GMSCoreResources.bundle/cs.lproj/GMSCore.strings ... 
2019-01-28 16:39:23 +0000  940 bytes for ./GoogleMaps.bundle/GMSCoreResources.bundle/cs.lproj/GMSCore.strings
2019-01-28 16:39:23 +0000  copying file ./GoogleMaps.bundle/GMSCoreResources.bundle/button_background.png ... 
2019-01-28 16:39:23 +0000  334 bytes for ./GoogleMaps.bundle/GMSCoreResources.bundle/button_background.png
2019-01-28 16:39:23 +0000  copying file ./GoogleMaps.bundle/GMSCoreResources.bundle/GMSNavNightModeSprites-0-1x.png ... 
2019-01-28 16:39:23 +0000  3393 bytes for ./GoogleMaps.bundle/GMSCoreResources.bundle/GMSNavNightModeSprites-0-1x.png
2019-01-28 16:39:23 +0000  copying file ./GoogleMaps.bundle/GMSCoreResources.bundle/button_my_location@2x.png ... 
2019-01-28 16:39:23 +0000  1229 bytes for ./GoogleMaps.bundle/GMSCoreResources.bundle/button_my_location@2x.png
2019-01-28 16:39:23 +0000  copying file ./GoogleMaps.bundle/GMSCoreResources.bundle/en_IN.lproj/GMSCore.strings ... 
2019-01-28 16:39:23 +0000  801 bytes for ./GoogleMaps.bundle/GMSCoreResources.bundle/en_IN.lproj/GMSCore.strings
2019-01-28 16:39:23 +0000  copying file ./GoogleMaps.bundle/GMSCoreResources.bundle/ko.lproj/GMSCore.strings ... 
2019-01-28 16:39:23 +0000  814 bytes for ./GoogleMaps.bundle/GMSCoreResources.bundle/ko.lproj/GMSCore.strings
2019-01-28 16:39:23 +0000  copying file ./GoogleMaps.bundle/GMSCoreResources.bundle/GMSNavSprites-0-2x.png ... 
2019-01-28 16:39:23 +0000  7465 bytes for ./GoogleMaps.bundle/GMSCoreResources.bundle/GMSNavSprites-0-2x.png
copying file ./GoogleMaps.bundle/GMSCoreResources.bundle/ic_location_off@2x.png ... 
2019-01-28 16:39:23 +0000  860 bytes for ./GoogleMaps.bundle/GMSCoreResources.bundle/ic_location_off@2x.png
2019-01-28 16:39:23 +0000  copying file ./GoogleMaps.bundle/GMSCoreResources.bundle/GMSNavSprites-0-1x.png ... 
2019-01-28 16:39:23 +0000  3246 bytes for ./GoogleMaps.bundle/GMSCoreResources.bundle/GMSNavSprites-0-1x.png
2019-01-28 16:39:23 +0000  copying file ./GoogleMaps.bundle/GMSCoreResources.bundle/no.lproj/GMSCore.strings ... 
2019-01-28 16:39:23 +0000  841 bytes for ./GoogleMaps.bundle/GMSCoreResources.bundle/no.lproj/GMSCore.strings
2019-01-28 16:39:23 +0000  copying file ./GoogleMaps.bundle/GMSCoreResources.bundle/Tharlon-Regular.ttf ... 
2019-01-28 16:39:23 +0000  353228 bytes for ./GoogleMaps.bundle/GMSCoreResources.bundle/Tharlon-Regular.ttf
2019-01-28 16:39:23 +0000  copying file ./GoogleMaps.bundle/GMSCoreResources.bundle/hu.lproj/GMSCore.strings ... 
2019-01-28 16:39:23 +0000  996 bytes for ./GoogleMaps.bundle/GMSCoreResources.bundle/hu.lproj/GMSCore.strings
2019-01-28 16:39:23 +0000  copying file ./GoogleMaps.bundle/GMSCoreResources.bundle/zh_HK.lproj/GMSCore.strings ... 
2019-01-28 16:39:23 +0000  738 bytes for ./GoogleMaps.bundle/GMSCoreResources.bundle/zh_HK.lproj/GMSCore.strings
2019-01-28 16:39:23 +0000  copying file ./GoogleMaps.bundle/GMSCoreResources.bundle/road_4-1.png ... 
2019-01-28 16:39:23 +0000  74 bytes for ./GoogleMaps.bundle/GMSCoreResources.bundle/road_4-1.png
2019-01-28 16:39:23 +0000  copying file ./GoogleMaps.bundle/GMSCoreResources.bundle/button_background@2x.png ... 
2019-01-28 16:39:23 +0000  433 bytes for ./GoogleMaps.bundle/GMSCoreResources.bundle/button_background@2x.png
2019-01-28 16:39:23 +0000  copying file ./GoogleMaps.bundle/GMSCoreResources.bundle/ic_compass_needle@2x.png ... 
2019-01-28 16:39:23 +0000  992 bytes for ./GoogleMaps.bundle/GMSCoreResources.bundle/ic_compass_needle@2x.png
copying file ./GoogleMaps.bundle/GMSCoreResources.bundle/Assets.car ... 
2019-01-28 16:39:23 +0000  46179 bytes for ./GoogleMaps.bundle/GMSCoreResources.bundle/Assets.car
2019-01-28 16:39:23 +0000  copying file ./GoogleMaps.bundle/GMSCoreResources.bundle/tr.lproj/GMSCore.strings ... 
2019-01-28 16:39:23 +0000  944 bytes for ./GoogleMaps.bundle/GMSCoreResources.bundle/tr.lproj/GMSCore.strings
2019-01-28 16:39:23 +0000  copying file ./GoogleMaps.bundle/GMSCoreResources.bundle/pl.lproj/GMSCore.strings ... 
2019-01-28 16:39:23 +0000  897 bytes for ./GoogleMaps.bundle/GMSCoreResources.bundle/pl.lproj/GMSCore.strings
2019-01-28 16:39:23 +0000  copying file ./GoogleMaps.bundle/GMSCoreResources.bundle/zh_TW.lproj/GMSCore.strings ... 
2019-01-28 16:39:23 +0000  754 bytes for ./GoogleMaps.bundle/GMSCoreResources.bundle/zh_TW.lproj/GMSCore.strings
2019-01-28 16:39:23 +0000  copying file ./GoogleMaps.bundle/GMSCoreResources.bundle/GMSNavNightModeSprites-0-2x.png ... 
2019-01-28 16:39:23 +0000  7660 bytes for ./GoogleMaps.bundle/GMSCoreResources.bundle/GMSNavNightModeSprites-0-2x.png
2019-01-28 16:39:23 +0000  copying file ./GoogleMaps.bundle/GMSCoreResources.bundle/GMSNavNightModeSprites-0-3x.png ... 
2019-01-28 16:39:23 +0000  12519 bytes for ./GoogleMaps.bundle/GMSCoreResources.bundle/GMSNavNightModeSprites-0-3x.png
2019-01-28 16:39:23 +0000  copying file ./GoogleMaps.bundle/GMSCoreResources.bundle/en_GB.lproj/GMSCore.strings ... 
2019-01-28 16:39:23 +0000  801 bytes for ./GoogleMaps.bundle/GMSCoreResources.bundle/en_GB.lproj/GMSCore.strings
2019-01-28 16:39:23 +0000  copying file ./GoogleMaps.bundle/GMSCoreResources.bundle/traffic_greyscale2.png ... 
2019-01-28 16:39:23 +0000  382 bytes for ./GoogleMaps.bundle/GMSCoreResources.bundle/traffic_greyscale2.png
2019-01-28 16:39:23 +0000  copying file ./GoogleMaps.bundle/GMSCoreResources.bundle/dav_one_way_16_256.png ... 
2019-01-28 16:39:23 +0000  315 bytes for ./GoogleMaps.bundle/GMSCoreResources.bundle/dav_one_way_16_256.png
2019-01-28 16:39:23 +0000  copying file ./GoogleMaps.bundle/GMSCoreResources.bundle/road_2-1.png ... 
2019-01-28 16:39:23 +0000  84 bytes for ./GoogleMaps.bundle/GMSCoreResources.bundle/road_2-1.png
2019-01-28 16:39:23 +0000  copying file ./GoogleMaps.bundle/GMSCoreResources.bundle/vi.lproj/GMSCore.strings ... 
2019-01-28 16:39:23 +0000  995 bytes for ./GoogleMaps.bundle/GMSCoreResources.bundle/vi.lproj/GMSCore.strings
2019-01-28 16:39:23 +0000  copying file ./GoogleMaps.bundle/GMSCoreResources.bundle/button_background@3x.png ... 
2019-01-28 16:39:23 +0000  515 bytes for ./GoogleMaps.bundle/GMSCoreResources.bundle/button_background@3x.png
copying file ./GoogleMaps.bundle/GMSCoreResources.bundle/road_32-8.png ... 
2019-01-28 16:39:23 +0000  223 bytes for ./GoogleMaps.bundle/GMSCoreResources.bundle/road_32-8.png
2019-01-28 16:39:23 +0000  copying file ./GoogleMaps.bundle/GMSCoreResources.bundle/lv.lproj/GMSCore.strings ... 
2019-01-28 16:39:23 +0000  801 bytes for ./GoogleMaps.bundle/GMSCoreResources.bundle/lv.lproj/GMSCore.strings
copying file ./GoogleMaps.bundle/GMSCoreResources.bundle/lt.lproj/GMSCore.strings ... 
2019-01-28 16:39:23 +0000  801 bytes for ./GoogleMaps.bundle/GMSCoreResources.bundle/lt.lproj/GMSCore.strings
2019-01-28 16:39:23 +0000  copying file ./GoogleMaps.bundle/GMSCoreResources.bundle/ru.lproj/GMSCore.strings ... 
2019-01-28 16:39:23 +0000  1066 bytes for ./GoogleMaps.bundle/GMSCoreResources.bundle/ru.lproj/GMSCore.strings
2019-01-28 16:39:23 +0000  copying file ./GoogleMaps.bundle/GMSCoreResources.bundle/traffic_greyscale1.png ... 
2019-01-28 16:39:23 +0000  342 bytes for ./GoogleMaps.bundle/GMSCoreResources.bundle/traffic_greyscale1.png
2019-01-28 16:39:23 +0000  copying file ./GoogleMaps.bundle/GMSCoreResources.bundle/polyline_colors_texture_dim.png ... 
2019-01-28 16:39:23 +0000  7026 bytes for ./GoogleMaps.bundle/GMSCoreResources.bundle/polyline_colors_texture_dim.png
2019-01-28 16:39:23 +0000  copying file ./GoogleMaps.bundle/GMSCoreResources.bundle/fr_CA.lproj/GMSCore.strings ... 
2019-01-28 16:39:23 +0000  908 bytes for ./GoogleMaps.bundle/GMSCoreResources.bundle/fr_CA.lproj/GMSCore.strings
copying file ./GoogleMaps.bundle/GMSCoreResources.bundle/road_128-32.png ... 
2019-01-28 16:39:23 +0000  1029 bytes for ./GoogleMaps.bundle/GMSCoreResources.bundle/road_128-32.png
2019-01-28 16:39:23 +0000  copying file ./GoogleMaps.bundle/GMSCoreResources.bundle/fr.lproj/GMSCore.strings ... 
2019-01-28 16:39:23 +0000  1038 bytes for ./GoogleMaps.bundle/GMSCoreResources.bundle/fr.lproj/GMSCore.strings
2019-01-28 16:39:23 +0000  copying file ./GoogleMaps.bundle/GMSCoreResources.bundle/fi.lproj/GMSCore.strings ... 
2019-01-28 16:39:23 +0000  881 bytes for ./GoogleMaps.bundle/GMSCoreResources.bundle/fi.lproj/GMSCore.strings
2019-01-28 16:39:23 +0000  copying file ./GoogleMaps.bundle/GMSCoreResources.bundle/id.lproj/GMSCore.strings ... 
2019-01-28 16:39:23 +0000  816 bytes for ./GoogleMaps.bundle/GMSCoreResources.bundle/id.lproj/GMSCore.strings
2019-01-28 16:39:23 +0000  copying file ./GoogleMaps.bundle/GMSCoreResources.bundle/nl.lproj/GMSCore.strings ... 
2019-01-28 16:39:23 +0000  865 bytes for ./GoogleMaps.bundle/GMSCoreResources.bundle/nl.lproj/GMSCore.strings
2019-01-28 16:39:23 +0000  copying file ./GoogleMaps.bundle/GMSCoreResources.bundle/th.lproj/GMSCore.strings ... 
2019-01-28 16:39:23 +0000  896 bytes for ./GoogleMaps.bundle/GMSCoreResources.bundle/th.lproj/GMSCore.strings
2019-01-28 16:39:23 +0000  copying file ./GoogleMaps.bundle/GMSCoreResources.bundle/road_64-16.png ... 
2019-01-28 16:39:23 +0000  425 bytes for ./GoogleMaps.bundle/GMSCoreResources.bundle/road_64-16.png
2019-01-28 16:39:23 +0000  copying file ./GoogleMaps.bundle/GMSCoreResources.bundle/GMSSprites-0-3x.png ... 
2019-01-28 16:39:23 +0000  42326 bytes for ./GoogleMaps.bundle/GMSCoreResources.bundle/GMSSprites-0-3x.png
2019-01-28 16:39:23 +0000  copying file ./GoogleMaps.bundle/GMSCoreResources.bundle/polyline_colors_texture.png ... 
2019-01-28 16:39:23 +0000  6982 bytes for ./GoogleMaps.bundle/GMSCoreResources.bundle/polyline_colors_texture.png
copying file ./GoogleMaps.bundle/GMSCoreResources.bundle/ic_compass_needle.png ... 
483 bytes for ./GoogleMaps.bundle/GMSCoreResources.bundle/ic_compass_needle.png
copying file ./GoogleMaps.bundle/GMSCoreResources.bundle/pt.lproj/GMSCore.strings ... 
948 bytes for ./GoogleMaps.bundle/GMSCoreResources.bundle/pt.lproj/GMSCore.strings
copying file ./GoogleMaps.bundle/GMSCoreResources.bundle/road_1-1.png ... 
95 bytes for ./GoogleMaps.bundle/GMSCoreResources.bundle/road_1-1.png
copying file ./GoogleMaps.bundle/GMSCoreResources.bundle/ic_location_off.png ... 
498 bytes for ./GoogleMaps.bundle/GMSCoreResources.bundle/ic_location_off.png
copying file ./GoogleMaps.bundle/GMSCoreResources.bundle/ro.lproj/GMSCore.strings ... 
2019-01-28 16:39:23 +0000  985 bytes for ./GoogleMaps.bundle/GMSCoreResources.bundle/ro.lproj/GMSCore.strings
copying file ./GoogleMaps.bundle/GMSCoreResources.bundle/traffic_startcap.png ... 
243 bytes for ./GoogleMaps.bundle/GMSCoreResources.bundle/traffic_startcap.png
copying file ./GoogleMaps.bundle/GMSCoreResources.bundle/Info.plist ... 
2019-01-28 16:39:23 +0000  510 bytes for ./GoogleMaps.bundle/GMSCoreResources.bundle/Info.plist
copying file ./GoogleMaps.bundle/GMSCoreResources.bundle/GMSSprites-0-2x.png ... 
2019-01-28 16:39:23 +0000  25169 bytes for ./GoogleMaps.bundle/GMSCoreResources.bundle/GMSSprites-0-2x.png
2019-01-28 16:39:23 +0000  copying file ./GoogleMaps.bundle/GMSCoreResources.bundle/button_compass_night@2x.png ... 
2019-01-28 16:39:23 +0000  2221 bytes for ./GoogleMaps.bundle/GMSCoreResources.bundle/button_compass_night@2x.png
2019-01-28 16:39:23 +0000  copying file ./GoogleMaps.bundle/GMSCoreResources.bundle/button_compass@2x.png ... 
2019-01-28 16:39:23 +0000  2560 bytes for ./GoogleMaps.bundle/GMSCoreResources.bundle/button_compass@2x.png
2019-01-28 16:39:23 +0000  copying file ./GoogleMaps.bundle/GMSCoreResources.bundle/hr.lproj/GMSCore.strings ... 
2019-01-28 16:39:23 +0000  909 bytes for ./GoogleMaps.bundle/GMSCoreResources.bundle/hr.lproj/GMSCore.strings
2019-01-28 16:39:23 +0000  copying file ./GoogleMaps.bundle/GMSCoreResources.bundle/hi.lproj/GMSCore.strings ... 
2019-01-28 16:39:23 +0000  994 bytes for ./GoogleMaps.bundle/GMSCoreResources.bundle/hi.lproj/GMSCore.strings
2019-01-28 16:39:23 +0000  copying file ./GoogleMaps.bundle/GMSCoreResources.bundle/ca.lproj/GMSCore.strings ... 
2019-01-28 16:39:23 +0000  1014 bytes for ./GoogleMaps.bundle/GMSCoreResources.bundle/ca.lproj/GMSCore.strings
2019-01-28 16:39:23 +0000  copying file ./GoogleMaps.bundle/default_marker.png ... 
2019-01-28 16:39:23 +0000  1221 bytes for ./GoogleMaps.bundle/default_marker.png
2019-01-28 16:39:23 +0000  copying file ./GoogleMaps.bundle/oss_licenses_maps.txt.gz ... 
2019-01-28 16:39:23 +0000  22555 bytes for ./GoogleMaps.bundle/oss_licenses_maps.txt.gz
2019-01-28 16:39:23 +0000  copying file ./GoogleMaps.bundle/bubble_right.png ... 
2019-01-28 16:39:23 +0000  455 bytes for ./GoogleMaps.bundle/bubble_right.png
2019-01-28 16:39:23 +0000  copying file ./GoogleMaps.bundle/default_marker@3x.png ... 
2019-01-28 16:39:23 +0000  6988 bytes for ./GoogleMaps.bundle/default_marker@3x.png
2019-01-28 16:39:23 +0000  copying file ./GoogleMaps.bundle/default_marker@2x.png ... 
2019-01-28 16:39:23 +0000  2531 bytes for ./GoogleMaps.bundle/default_marker@2x.png
2019-01-28 16:39:23 +0000  copying file ./GoogleMaps.bundle/GMSCacheStorage.momd/Storage.mom ... 
2019-01-28 16:39:23 +0000  4576 bytes for ./GoogleMaps.bundle/GMSCacheStorage.momd/Storage.mom
2019-01-28 16:39:23 +0000  copying file ./GoogleMaps.bundle/GMSCacheStorage.momd/VersionInfo.plist ... 
2019-01-28 16:39:23 +0000  807 bytes for ./GoogleMaps.bundle/GMSCacheStorage.momd/VersionInfo.plist
2019-01-28 16:39:23 +0000  copying file ./GoogleMaps.bundle/GMSCacheStorage.momd/StorageWithTileVersionID.omo ... 
2019-01-28 16:39:23 +0000  10296 bytes for ./GoogleMaps.bundle/GMSCacheStorage.momd/StorageWithTileVersionID.omo
copying file ./GoogleMaps.bundle/GMSCacheStorage.momd/StorageWithTileVersionID.mom ... 
2019-01-28 16:39:23 +0000  4682 bytes for ./GoogleMaps.bundle/GMSCacheStorage.momd/StorageWithTileVersionID.mom
2019-01-28 16:39:23 +0000  copying file ./GoogleMaps.bundle/Info.plist ... 
2019-01-28 16:39:23 +0000  499 bytes for ./GoogleMaps.bundle/Info.plist
2019-01-28 16:39:23 +0000  copying file ./Montserrat-Light.otf ... 
2019-01-28 16:39:23 +0000  228068 bytes for ./Montserrat-Light.otf
copying file ./MaterialCommunityIcons.ttf ... 
2019-01-28 16:39:23 +0000  322456 bytes for ./MaterialCommunityIcons.ttf
2019-01-28 16:39:23 +0000  copying file ./AppIcon-157x57.png ... 
2019-01-28 16:39:23 +0000  1271 bytes for ./AppIcon-157x57.png
2019-01-28 16:39:23 +0000  copying file ./AppIcon-160x60@2x.png ... 
2019-01-28 16:39:23 +0000  2881 bytes for ./AppIcon-160x60@2x.png
2019-01-28 16:39:23 +0000  copying file ./AppIcon-129x29@2x.png ... 
2019-01-28 16:39:23 +0000  1254 bytes for ./AppIcon-129x29@2x.png
2019-01-28 16:39:23 +0000  copying file ./AppIcon-172x72@2x~ipad.png ... 
2019-01-28 16:39:23 +0000  3453 bytes for ./AppIcon-172x72@2x~ipad.png
copying file ./AppIcon-140x40@3x.png ... 
2881 bytes for ./AppIcon-140x40@3x.png
copying file ./AppIcon-157x57@2x.png ... 
2019-01-28 16:39:23 +0000  2820 bytes for ./AppIcon-157x57@2x.png
copying file ./Foundation.ttf ... 
2019-01-28 16:39:23 +0000  56976 bytes for ./Foundation.ttf
copying file ./Ionicons.ttf ... 
143936 bytes for ./Ionicons.ttf
copying file ./AppIcon-140x40@2x.png ... 
2019-01-28 16:39:23 +0000  2025 bytes for ./AppIcon-140x40@2x.png
copying file ./AppIcon-129x29~ipad.png ... 
2019-01-28 16:39:23 +0000  653 bytes for ./AppIcon-129x29~ipad.png
2019-01-28 16:39:23 +0000  copying file ./AppIcon-129x29@3x.png ... 
2019-01-28 16:39:23 +0000  2209 bytes for ./AppIcon-129x29@3x.png
copying file ./AppIcon-160x60@3x.png ... 
2019-01-28 16:39:23 +0000  3935 bytes for ./AppIcon-160x60@3x.png
2019-01-28 16:39:23 +0000  copying file ./Base.lproj/LaunchScreen.nib ... 
2019-01-28 16:39:23 +0000  5830 bytes for ./Base.lproj/LaunchScreen.nib
2019-01-28 16:39:23 +0000  copying file ./FontAwesome.ttf ... 
2019-01-28 16:39:23 +0000  165548 bytes for ./FontAwesome.ttf
2019-01-28 16:39:23 +0000  copying file ./Montserrat-Medium.otf ... 
2019-01-28 16:39:23 +0000  230356 bytes for ./Montserrat-Medium.otf
2019-01-28 16:39:23 +0000  copying file ./Zocial.ttf ... 
2019-01-28 16:39:23 +0000  25552 bytes for ./Zocial.ttf
copying file ./AppIcon-140x40@2x~ipad.png ... 
2019-01-28 16:39:23 +0000  2025 bytes for ./AppIcon-140x40@2x~ipad.png
2019-01-28 16:39:23 +0000  copying file ./AppIcon-176x76@2x~ipad.png ... 
2019-01-28 16:39:23 +0000  3396 bytes for ./AppIcon-176x76@2x~ipad.png
2019-01-28 16:39:23 +0000  copying file ./Assets.car ... 
2019-01-28 16:39:23 +0000  767032 bytes for ./Assets.car
2019-01-28 16:39:23 +0000  copying file ./main.jsbundle.meta ... 
2019-01-28 16:39:23 +0000  21 bytes for ./main.jsbundle.meta
copying file ./EvilIcons.ttf ... 
2019-01-28 16:39:23 +0000  13128 bytes for ./EvilIcons.ttf
2019-01-28 16:39:23 +0000  copying file ./AppIcon-183.5x83.5@2x~ipad.png ... 
2019-01-28 16:39:23 +0000  3877 bytes for ./AppIcon-183.5x83.5@2x~ipad.png
2019-01-28 16:39:23 +0000  copying file ./main.jsbundle ... 
2019-01-28 16:39:23 +0000  2177320 bytes for ./main.jsbundle
copying file ./AppIcon-172x72~ipad.png ... 
2019-01-28 16:39:23 +0000  1842 bytes for ./AppIcon-172x72~ipad.png
2019-01-28 16:39:23 +0000  copying file ./Montserrat-Regular.otf ... 
2019-01-28 16:39:23 +0000  228620 bytes for ./Montserrat-Regular.otf
2019-01-28 16:39:23 +0000  copying file ./CleaningApp ... 
2019-01-28 16:39:24 +0000  129627936 bytes for ./CleaningApp
2019-01-28 16:39:24 +0000  copying file ./AppIcon-150x50~ipad.png ... 
2019-01-28 16:39:24 +0000  1147 bytes for ./AppIcon-150x50~ipad.png
copying file ./AppIcon-150x50@2x~ipad.png ... 
2019-01-28 16:39:24 +0000  2554 bytes for ./AppIcon-150x50@2x~ipad.png
2019-01-28 16:39:24 +0000  copying file ./AppIcon-120x20~ipad.png ... 
2019-01-28 16:39:24 +0000  508 bytes for ./AppIcon-120x20~ipad.png
copying file ./SimpleLineIcons.ttf ... 
2019-01-28 16:39:24 +0000  54056 bytes for ./SimpleLineIcons.ttf
copying file ./AppIcon-140x40~ipad.png ... 
2019-01-28 16:39:24 +0000  1001 bytes for ./AppIcon-140x40~ipad.png
copying file ./AppIcon-129x29@2x~ipad.png ... 
2019-01-28 16:39:24 +0000  1254 bytes for ./AppIcon-129x29@2x~ipad.png
2019-01-28 16:39:24 +0000  copying file ./embedded.mobileprovision ... 
2019-01-28 16:39:24 +0000  7831 bytes for ./embedded.mobileprovision
2019-01-28 16:39:24 +0000  copying file ./assets/node_modules/react-navigation/src/views/assets/back-icon@3x.png ... 
2019-01-28 16:39:24 +0000  1848 bytes for ./assets/node_modules/react-navigation/src/views/assets/back-icon@3x.png
copying file ./assets/node_modules/react-navigation/src/views/assets/back-icon@2x.png ... 
2019-01-28 16:39:24 +0000  966 bytes for ./assets/node_modules/react-navigation/src/views/assets/back-icon@2x.png
2019-01-28 16:39:24 +0000  copying file ./assets/node_modules/react-navigation/src/views/assets/back-icon.png ... 
2019-01-28 16:39:24 +0000  491 bytes for ./assets/node_modules/react-navigation/src/views/assets/back-icon.png
copying file ./assets/node_modules/react-navigation/src/views/assets/back-icon-mask.png ... 
2019-01-28 16:39:24 +0000  1887 bytes for ./assets/node_modules/react-navigation/src/views/assets/back-icon-mask.png
2019-01-28 16:39:24 +0000  copying file ./assets/node_modules/react-native-credit-card-input/images/card-front.png ... 
2019-01-28 16:39:24 +0000  108612 bytes for ./assets/node_modules/react-native-credit-card-input/images/card-front.png
2019-01-28 16:39:24 +0000  copying file ./assets/node_modules/react-native-credit-card-input/images/card-back.png ... 
2019-01-28 16:39:24 +0000  70141 bytes for ./assets/node_modules/react-native-credit-card-input/images/card-back.png
2019-01-28 16:39:24 +0000  copying file ./assets/node_modules/react-native-credit-card-input/src/icons/stp_card_mastercard.png ... 
2019-01-28 16:39:24 +0000  24368 bytes for ./assets/node_modules/react-native-credit-card-input/src/icons/stp_card_mastercard.png
copying file ./assets/node_modules/react-native-credit-card-input/src/icons/stp_card_amex.png ... 
2019-01-28 16:39:24 +0000  24368 bytes for ./assets/node_modules/react-native-credit-card-input/src/icons/stp_card_amex.png
copying file ./assets/node_modules/react-native-credit-card-input/src/icons/stp_card_discover.png ... 
2019-01-28 16:39:24 +0000  24368 bytes for ./assets/node_modules/react-native-credit-card-input/src/icons/stp_card_discover.png
2019-01-28 16:39:24 +0000  copying file ./assets/node_modules/react-native-credit-card-input/src/icons/stp_card_cvc.png ... 
2019-01-28 16:39:24 +0000  24368 bytes for ./assets/node_modules/react-native-credit-card-input/src/icons/stp_card_cvc.png
copying file ./assets/node_modules/react-native-credit-card-input/src/icons/stp_card_cvc_amex.png ... 
2019-01-28 16:39:24 +0000  24368 bytes for ./assets/node_modules/react-native-credit-card-input/src/icons/stp_card_cvc_amex.png
copying file ./assets/node_modules/react-native-credit-card-input/src/icons/stp_card_diners.png ... 
2019-01-28 16:39:24 +0000  24368 bytes for ./assets/node_modules/react-native-credit-card-input/src/icons/stp_card_diners.png
2019-01-28 16:39:24 +0000  copying file ./assets/node_modules/react-native-credit-card-input/src/icons/stp_card_unknown.png ... 
2019-01-28 16:39:24 +0000  24368 bytes for ./assets/node_modules/react-native-credit-card-input/src/icons/stp_card_unknown.png
copying file ./assets/node_modules/react-native-credit-card-input/src/icons/stp_card_visa.png ... 
2019-01-28 16:39:24 +0000  24368 bytes for ./assets/node_modules/react-native-credit-card-input/src/icons/stp_card_visa.png
copying file ./assets/node_modules/react-native-credit-card-input/src/icons/stp_card_jcb.png ... 
2019-01-28 16:39:24 +0000  24368 bytes for ./assets/node_modules/react-native-credit-card-input/src/icons/stp_card_jcb.png
2019-01-28 16:39:24 +0000  copying file ./assets/node_modules/react-native-calendars/src/calendar/img/previous@2x.png ... 
2019-01-28 16:39:24 +0000  458 bytes for ./assets/node_modules/react-native-calendars/src/calendar/img/previous@2x.png
2019-01-28 16:39:24 +0000  copying file ./assets/node_modules/react-native-calendars/src/calendar/img/next@2x.png ... 
2019-01-28 16:39:24 +0000  462 bytes for ./assets/node_modules/react-native-calendars/src/calendar/img/next@2x.png
2019-01-28 16:39:24 +0000  copying file ./assets/src/images/mapPin.png ... 
2019-01-28 16:39:24 +0000  632 bytes for ./assets/src/images/mapPin.png
copying file ./assets/src/images/individual.png ... 
2019-01-28 16:39:24 +0000  18236 bytes for ./assets/src/images/individual.png
2019-01-28 16:39:24 +0000  copying file ./assets/src/images/pin.png ... 
2019-01-28 16:39:24 +0000  3002 bytes for ./assets/src/images/pin.png
copying file ./assets/src/images/deepCleaningPale.png ... 
2019-01-28 16:39:24 +0000  26385 bytes for ./assets/src/images/deepCleaningPale.png
copying file ./assets/src/images/buildings.png ... 
2019-01-28 16:39:24 +0000  1854 bytes for ./assets/src/images/buildings.png
2019-01-28 16:39:24 +0000  copying file ./assets/src/images/complex.png ... 
2019-01-28 16:39:24 +0000  7201 bytes for ./assets/src/images/complex.png
copying file ./assets/src/images/LateAfternoon.png ... 
2019-01-28 16:39:24 +0000  20499 bytes for ./assets/src/images/LateAfternoon.png
2019-01-28 16:39:24 +0000  copying file ./assets/src/images/black.png ... 
2019-01-28 16:39:24 +0000  3492 bytes for ./assets/src/images/black.png
2019-01-28 16:39:24 +0000  copying file ./assets/src/images/deepCleaning.png ... 
2019-01-28 16:39:24 +0000  26385 bytes for ./assets/src/images/deepCleaning.png
2019-01-28 16:39:24 +0000  copying file ./assets/src/images/list.png ... 
2019-01-28 16:39:24 +0000  282 bytes for ./assets/src/images/list.png
copying file ./assets/src/images/timer.png ... 
2019-01-28 16:39:24 +0000  14331 bytes for ./assets/src/images/timer.png
2019-01-28 16:39:24 +0000  copying file ./assets/src/images/calendar.png ... 
2019-01-28 16:39:24 +0000  1214 bytes for ./assets/src/images/calendar.png
2019-01-28 16:39:24 +0000  copying file ./assets/src/images/grey.png ... 
2019-01-28 16:39:24 +0000  184 bytes for ./assets/src/images/grey.png
copying file ./assets/src/images/clock.png ... 
2019-01-28 16:39:24 +0000  862 bytes for ./assets/src/images/clock.png
2019-01-28 16:39:24 +0000  copying file ./assets/src/images/1Green.png ... 
2019-01-28 16:39:24 +0000  403 bytes for ./assets/src/images/1Green.png
2019-01-28 16:39:24 +0000  copying file ./assets/src/images/1Morning.png ... 
2019-01-28 16:39:24 +0000  20624 bytes for ./assets/src/images/1Morning.png
2019-01-28 16:39:24 +0000  copying file ./assets/src/images/2LateMorning.png ... 
2019-01-28 16:39:24 +0000  21843 bytes for ./assets/src/images/2LateMorning.png
2019-01-28 16:39:24 +0000  copying file ./assets/src/images/basicCleaningPale.png ... 
2019-01-28 16:39:24 +0000  23505 bytes for ./assets/src/images/basicCleaningPale.png
copying file ./assets/src/images/basicCleaning.png ... 
2019-01-28 16:39:24 +0000  23505 bytes for ./assets/src/images/basicCleaning.png
copying file ./assets/src/images/white.png ... 
2019-01-28 16:39:24 +0000  762 bytes for ./assets/src/images/white.png
2019-01-28 16:39:24 +0000  copying file ./assets/src/images/back.png ... 
2019-01-28 16:39:24 +0000  609 bytes for ./assets/src/images/back.png
copying file ./assets/src/images/3Afternoon.png ... 
2019-01-28 16:39:24 +0000  20536 bytes for ./assets/src/images/3Afternoon.png
2019-01-28 16:39:24 +0000  copying file ./Info.plist ... 
2019-01-28 16:39:24 +0000  2038 bytes for ./Info.plist
copying file ./AppIcon-176x76~ipad.png ... 
2019-01-28 16:39:24 +0000  1974 bytes for ./AppIcon-176x76~ipad.png
copying file ./PkgInfo ... 
2019-01-28 16:39:24 +0000  8 bytes for ./PkgInfo
2019-01-28 16:39:24 +0000  copying file ./MaterialIcons.ttf ... 
2019-01-28 16:39:24 +0000  128180 bytes for ./MaterialIcons.ttf
copying file ./AppIcon-120x20@2x~ipad.png ... 
2019-01-28 16:39:24 +0000  1001 bytes for ./AppIcon-120x20@2x~ipad.png
copying file ./Montserrat-SemiBold.otf ... 
2019-01-28 16:39:24 +0000  234056 bytes for ./Montserrat-SemiBold.otf
2019-01-28 16:39:24 +0000  /usr/bin/ditto exited with 0
2019-01-28 16:39:24 +0000  Processing step: IDEDistributionEmbedProfileStep
2019-01-28 16:39:24 +0000  Processing step: IDEDistributionAppThinningPlistStep
2019-01-28 16:39:24 +0000  Skipping step: IDEDistributionAppThinningPlistStep because it said so
2019-01-28 16:39:24 +0000  Processing step: IDEDistributionCompileBitcodeStep
2019-01-28 16:39:24 +0000  Skipping step: IDEDistributionCompileBitcodeStep because it said so
2019-01-28 16:39:24 +0000  Processing step: IDEDistributionCodeSlimmingStep
2019-01-28 16:39:24 +0000  Processing step: IDEDistributionCopyBCSymbolMapsStep
2019-01-28 16:39:24 +0000  Skipping step: IDEDistributionCopyBCSymbolMapsStep because it said so
2019-01-28 16:39:24 +0000  Processing step: IDEDistributionSymbolsStep
2019-01-28 16:39:24 +0000  Skipping step: IDEDistributionSymbolsStep because it said so
2019-01-28 16:39:24 +0000  Processing step: IDEDistributionAppThinningStep
2019-01-28 16:39:24 +0000  Skipping step: IDEDistributionAppThinningStep because it said so
2019-01-28 16:39:24 +0000  Processing step: IDEDistributionArchThinningStep
2019-01-28 16:39:24 +0000  Running /Applications/Xcode.app/Contents/Developer/Toolchains/XcodeDefault.xctoolchain/usr/bin/lipo '/var/folders/fx/64gn3_6n16xgfxq9_f0pd8b40000gn/T/XcodeDistPipeline.xtS/Root/Payload/CleaningApp.app/CleaningApp' '-verify_arch' 'arm64e'
2019-01-28 16:39:24 +0000  /Applications/Xcode.app/Contents/Developer/Toolchains/XcodeDefault.xctoolchain/usr/bin/lipo exited with 1
2019-01-28 16:39:24 +0000  Skipping architecture thinning for item "CleaningApp" because arch "arm64e" wasn't found
2019-01-28 16:39:24 +0000  Processing step: IDEDistributionODRStep
2019-01-28 16:39:24 +0000  Processing step: IDEDistributionStripXattrsStep
2019-01-28 16:39:24 +0000  Running /usr/bin/xattr '-crs' '/var/folders/fx/64gn3_6n16xgfxq9_f0pd8b40000gn/T/XcodeDistPipeline.xtS/Root/Payload/CleaningApp.app'
2019-01-28 16:39:24 +0000  /usr/bin/xattr exited with 0
2019-01-28 16:39:24 +0000  Processing step: IDEDistributionCodesignStep
2019-01-28 16:39:24 +0000  Entitlements for <IDEDistributionItem: 0x7ff1f34f11c0 'com.cleaning.master' '<DVTFilePath:0x7ff2089603d0:'/Users/sunset/Library/Developer/Xcode/Archives/2019-01-28/CleaningApp 1-28-19, 8.38 AM.xcarchive/Products/Applications/CleaningApp.app'>'>: {
    "application-identifier" = "T5DJ84AD46.com.cleaning.master";
    "com.apple.developer.team-identifier" = T5DJ84AD46;
    "get-task-allow" = 1;
    "keychain-access-groups" =     (
        "T5DJ84AD46.com.cleaning.master"
    );
}
2019-01-28 16:39:24 +0000  Writing entitlements for <IDEDistributionItem: 0x7ff1f34f11c0 'com.cleaning.master' '<DVTFilePath:0x7ff2089603d0:'/Users/sunset/Library/Developer/Xcode/Archives/2019-01-28/CleaningApp 1-28-19, 8.38 AM.xcarchive/Products/Applications/CleaningApp.app'>'> to: /var/folders/fx/64gn3_6n16xgfxq9_f0pd8b40000gn/T/XcodeDistPipeline.xtS/entitlementszXOOgz
2019-01-28 16:39:24 +0000  Running /usr/bin/codesign '-vvv' '--force' '--sign' 'CE555C4A315D5B31F96F5BE4A7431803CFCF1C57' '--entitlements' '/var/folders/fx/64gn3_6n16xgfxq9_f0pd8b40000gn/T/XcodeDistPipeline.xtS/entitlementszXOOgz' '--preserve-metadata=identifier,flags,runtime' '/var/folders/fx/64gn3_6n16xgfxq9_f0pd8b40000gn/T/XcodeDistPipeline.xtS/Root/Payload/CleaningApp.app'
2019-01-28 16:39:41 +0000  /var/folders/fx/64gn3_6n16xgfxq9_f0pd8b40000gn/T/XcodeDistPipeline.xtS/Root/Payload/CleaningApp.app: signed app bundle with Mach-O universal (armv7 arm64) [com.cleaning.master]
2019-01-28 16:39:41 +0000  /usr/bin/codesign exited with 0
2019-01-28 16:39:41 +0000  Processing step: IDEDistributionZipODRItemStep
2019-01-28 16:39:41 +0000  Skipping step: IDEDistributionZipODRItemStep because it said so
2019-01-28 16:39:41 +0000  Processing step: IDEDistributionCreateIPAStep
2019-01-28 16:39:41 +0000  Running /usr/bin/ditto '-V' '-c' '-k' '--norsrc' '/var/folders/fx/64gn3_6n16xgfxq9_f0pd8b40000gn/T/XcodeDistPipeline.xtS/Root' '/var/folders/fx/64gn3_6n16xgfxq9_f0pd8b40000gn/T/XcodeDistPipeline.xtS/Packages/CleaningApp.ipa'
2019-01-28 16:39:41 +0000  >>> Copying /var/folders/fx/64gn3_6n16xgfxq9_f0pd8b40000gn/T/XcodeDistPipeline.xtS/Root 
2019-01-28 16:39:41 +0000  copying file ./Payload/CleaningApp.app/_CodeSignature/CodeResources ... 
2019-01-28 16:39:41 +0000  76011 bytes for ./Payload/CleaningApp.app/_CodeSignature/CodeResources
copying file ./Payload/CleaningApp.app/Octicons.ttf ... 
2019-01-28 16:39:41 +0000  27520 bytes for ./Payload/CleaningApp.app/Octicons.ttf
copying file ./Payload/CleaningApp.app/Feather.ttf ... 
55288 bytes for ./Payload/CleaningApp.app/Feather.ttf
copying file ./Payload/CleaningApp.app/AppIcon-120x20@2x.png ... 
1001 bytes for ./Payload/CleaningApp.app/AppIcon-120x20@2x.png
copying file ./Payload/CleaningApp.app/AppIcon-129x29.png ... 
653 bytes for ./Payload/CleaningApp.app/AppIcon-129x29.png
copying file ./Payload/CleaningApp.app/Entypo.ttf ... 
65584 bytes for ./Payload/CleaningApp.app/Entypo.ttf
copying file ./Payload/CleaningApp.app/AppIcon-120x20@3x.png ... 
1346 bytes for ./Payload/CleaningApp.app/AppIcon-120x20@3x.png
copying file ./Payload/CleaningApp.app/GoogleMaps.bundle/bubble_left@3x.png ... 
2386 bytes for ./Payload/CleaningApp.app/GoogleMaps.bundle/bubble_left@3x.png
copying file ./Payload/CleaningApp.app/GoogleMaps.bundle/bubble_left.png ... 
451 bytes for ./Payload/CleaningApp.app/GoogleMaps.bundle/bubble_left.png
copying file ./Payload/CleaningApp.app/GoogleMaps.bundle/bubble_left@2x.png ... 
1055 bytes for ./Payload/CleaningApp.app/GoogleMaps.bundle/bubble_left@2x.png
copying file ./Payload/CleaningApp.app/GoogleMaps.bundle/bubble_right@3x.png ... 
2374 bytes for ./Payload/CleaningApp.app/GoogleMaps.bundle/bubble_right@3x.png
copying file ./Payload/CleaningApp.app/GoogleMaps.bundle/bubble_right@2x.png ... 
1051 bytes for ./Payload/CleaningApp.app/GoogleMaps.bundle/bubble_right@2x.png
copying file ./Payload/CleaningApp.app/GoogleMaps.bundle/GMSCoreResources.bundle/de.lproj/GMSCore.strings ... 
849 bytes for ./Payload/CleaningApp.app/GoogleMaps.bundle/GMSCoreResources.bundle/de.lproj/GMSCore.strings
2019-01-28 16:39:41 +0000  copying file ./Payload/CleaningApp.app/GoogleMaps.bundle/GMSCoreResources.bundle/he.lproj/GMSCore.strings ... 
2019-01-28 16:39:41 +0000  930 bytes for ./Payload/CleaningApp.app/GoogleMaps.bundle/GMSCoreResources.bundle/he.lproj/GMSCore.strings
copying file ./Payload/CleaningApp.app/GoogleMaps.bundle/GMSCoreResources.bundle/en_AU.lproj/GMSCore.strings ... 
2019-01-28 16:39:41 +0000  801 bytes for ./Payload/CleaningApp.app/GoogleMaps.bundle/GMSCoreResources.bundle/en_AU.lproj/GMSCore.strings
copying file ./Payload/CleaningApp.app/GoogleMaps.bundle/GMSCoreResources.bundle/ar.lproj/GMSCore.strings ... 
992 bytes for ./Payload/CleaningApp.app/GoogleMaps.bundle/GMSCoreResources.bundle/ar.lproj/GMSCore.strings
copying file ./Payload/CleaningApp.app/GoogleMaps.bundle/GMSCoreResources.bundle/el.lproj/GMSCore.strings ... 
996 bytes for ./Payload/CleaningApp.app/GoogleMaps.bundle/GMSCoreResources.bundle/el.lproj/GMSCore.strings
2019-01-28 16:39:41 +0000  copying file ./Payload/CleaningApp.app/GoogleMaps.bundle/GMSCoreResources.bundle/ja.lproj/GMSCore.strings ... 
776 bytes for ./Payload/CleaningApp.app/GoogleMaps.bundle/GMSCoreResources.bundle/ja.lproj/GMSCore.strings
copying file ./Payload/CleaningApp.app/GoogleMaps.bundle/GMSCoreResources.bundle/iw.lproj/GMSCore.strings ... 
930 bytes for ./Payload/CleaningApp.app/GoogleMaps.bundle/GMSCoreResources.bundle/iw.lproj/GMSCore.strings
copying file ./Payload/CleaningApp.app/GoogleMaps.bundle/GMSCoreResources.bundle/ic_qu_direction_mylocation@2x.png ... 
663 bytes for ./Payload/CleaningApp.app/GoogleMaps.bundle/GMSCoreResources.bundle/ic_qu_direction_mylocation@2x.png
copying file ./Payload/CleaningApp.app/GoogleMaps.bundle/GMSCoreResources.bundle/en.lproj/GMSCore.strings ... 
801 bytes for ./Payload/CleaningApp.app/GoogleMaps.bundle/GMSCoreResources.bundle/en.lproj/GMSCore.strings
copying file ./Payload/CleaningApp.app/GoogleMaps.bundle/GMSCoreResources.bundle/uk.lproj/GMSCore.strings ... 
982 bytes for ./Payload/CleaningApp.app/GoogleMaps.bundle/GMSCoreResources.bundle/uk.lproj/GMSCore.strings
copying file ./Payload/CleaningApp.app/GoogleMaps.bundle/GMSCoreResources.bundle/ic_qu_direction_mylocation.png ... 
362 bytes for ./Payload/CleaningApp.app/GoogleMaps.bundle/GMSCoreResources.bundle/ic_qu_direction_mylocation.png
copying file ./Payload/CleaningApp.app/GoogleMaps.bundle/GMSCoreResources.bundle/es_419.lproj/GMSCore.strings ... 
1016 bytes for ./Payload/CleaningApp.app/GoogleMaps.bundle/GMSCoreResources.bundle/es_419.lproj/GMSCore.strings
copying file ./Payload/CleaningApp.app/GoogleMaps.bundle/GMSCoreResources.bundle/GMSSprites-0-1x.png ... 
2019-01-28 16:39:41 +0000  10365 bytes for ./Payload/CleaningApp.app/GoogleMaps.bundle/GMSCoreResources.bundle/GMSSprites-0-1x.png
copying file ./Payload/CleaningApp.app/GoogleMaps.bundle/GMSCoreResources.bundle/ic_compass_needle_large@2x.png ... 
2446 bytes for ./Payload/CleaningApp.app/GoogleMaps.bundle/GMSCoreResources.bundle/ic_compass_needle_large@2x.png
copying file ./Payload/CleaningApp.app/GoogleMaps.bundle/GMSCoreResources.bundle/ic_compass_needle_large@3x.png ... 
3304 bytes for ./Payload/CleaningApp.app/GoogleMaps.bundle/GMSCoreResources.bundle/ic_compass_needle_large@3x.png
2019-01-28 16:39:41 +0000  copying file ./Payload/CleaningApp.app/GoogleMaps.bundle/GMSCoreResources.bundle/es_MX.lproj/GMSCore.strings ... 
1016 bytes for ./Payload/CleaningApp.app/GoogleMaps.bundle/GMSCoreResources.bundle/es_MX.lproj/GMSCore.strings
2019-01-28 16:39:41 +0000  copying file ./Payload/CleaningApp.app/GoogleMaps.bundle/GMSCoreResources.bundle/ic_compass_needle_large.png ... 
1114 bytes for ./Payload/CleaningApp.app/GoogleMaps.bundle/GMSCoreResources.bundle/ic_compass_needle_large.png
copying file ./Payload/CleaningApp.app/GoogleMaps.bundle/GMSCoreResources.bundle/zh_CN.lproj/GMSCore.strings ... 
2019-01-28 16:39:41 +0000  748 bytes for ./Payload/CleaningApp.app/GoogleMaps.bundle/GMSCoreResources.bundle/zh_CN.lproj/GMSCore.strings
2019-01-28 16:39:41 +0000  copying file ./Payload/CleaningApp.app/GoogleMaps.bundle/GMSCoreResources.bundle/ic_qu_direction_mylocation@3x.png ... 
1240 bytes for ./Payload/CleaningApp.app/GoogleMaps.bundle/GMSCoreResources.bundle/ic_qu_direction_mylocation@3x.png
copying file ./Payload/CleaningApp.app/GoogleMaps.bundle/GMSCoreResources.bundle/DroidSansMerged-Regular.ttf ... 
2019-01-28 16:39:41 +0000  392092 bytes for ./Payload/CleaningApp.app/GoogleMaps.bundle/GMSCoreResources.bundle/DroidSansMerged-Regular.ttf
copying file ./Payload/CleaningApp.app/GoogleMaps.bundle/GMSCoreResources.bundle/nb.lproj/GMSCore.strings ... 
841 bytes for ./Payload/CleaningApp.app/GoogleMaps.bundle/GMSCoreResources.bundle/nb.lproj/GMSCore.strings
copying file ./Payload/CleaningApp.app/GoogleMaps.bundle/GMSCoreResources.bundle/es.lproj/GMSCore.strings ... 
1019 bytes for ./Payload/CleaningApp.app/GoogleMaps.bundle/GMSCoreResources.bundle/es.lproj/GMSCore.strings
copying file ./Payload/CleaningApp.app/GoogleMaps.bundle/GMSCoreResources.bundle/traffic_endcap.png ... 
210 bytes for ./Payload/CleaningApp.app/GoogleMaps.bundle/GMSCoreResources.bundle/traffic_endcap.png
copying file ./Payload/CleaningApp.app/GoogleMaps.bundle/GMSCoreResources.bundle/pt_BR.lproj/GMSCore.strings ... 
948 bytes for ./Payload/CleaningApp.app/GoogleMaps.bundle/GMSCoreResources.bundle/pt_BR.lproj/GMSCore.strings
copying file ./Payload/CleaningApp.app/GoogleMaps.bundle/GMSCoreResources.bundle/da.lproj/GMSCore.strings ... 
924 bytes for ./Payload/CleaningApp.app/GoogleMaps.bundle/GMSCoreResources.bundle/da.lproj/GMSCore.strings
copying file ./Payload/CleaningApp.app/GoogleMaps.bundle/GMSCoreResources.bundle/ic_location_off@3x.png ... 
1577 bytes for ./Payload/CleaningApp.app/GoogleMaps.bundle/GMSCoreResources.bundle/ic_location_off@3x.png
copying file ./Payload/CleaningApp.app/GoogleMaps.bundle/GMSCoreResources.bundle/it.lproj/GMSCore.strings ... 
876 bytes for ./Payload/CleaningApp.app/GoogleMaps.bundle/GMSCoreResources.bundle/it.lproj/GMSCore.strings
copying file ./Payload/CleaningApp.app/GoogleMaps.bundle/GMSCoreResources.bundle/sk.lproj/GMSCore.strings ... 
904 bytes for ./Payload/CleaningApp.app/GoogleMaps.bundle/GMSCoreResources.bundle/sk.lproj/GMSCore.strings
copying file ./Payload/CleaningApp.app/GoogleMaps.bundle/GMSCoreResources.bundle/GMSNavSprites-0-3x.png ... 
10683 bytes for ./Payload/CleaningApp.app/GoogleMaps.bundle/GMSCoreResources.bundle/GMSNavSprites-0-3x.png
copying file ./Payload/CleaningApp.app/GoogleMaps.bundle/GMSCoreResources.bundle/pt_PT.lproj/GMSCore.strings ... 
992 bytes for ./Payload/CleaningApp.app/GoogleMaps.bundle/GMSCoreResources.bundle/pt_PT.lproj/GMSCore.strings
copying file ./Payload/CleaningApp.app/GoogleMaps.bundle/GMSCoreResources.bundle/button_compass_night.png ... 
720 bytes for ./Payload/CleaningApp.app/GoogleMaps.bundle/GMSCoreResources.bundle/button_compass_night.png
copying file ./Payload/CleaningApp.app/GoogleMaps.bundle/GMSCoreResources.bundle/button_my_location.png ... 
492 bytes for ./Payload/CleaningApp.app/GoogleMaps.bundle/GMSCoreResources.bundle/button_my_location.png
copying file ./Payload/CleaningApp.app/GoogleMaps.bundle/GMSCoreResources.bundle/road_16-4.png ... 
127 bytes for ./Payload/CleaningApp.app/GoogleMaps.bundle/GMSCoreResources.bundle/road_16-4.png
copying file ./Payload/CleaningApp.app/GoogleMaps.bundle/GMSCoreResources.bundle/ms.lproj/GMSCore.strings ... 
821 bytes for ./Payload/CleaningApp.app/GoogleMaps.bundle/GMSCoreResources.bundle/ms.lproj/GMSCore.strings
copying file ./Payload/CleaningApp.app/GoogleMaps.bundle/GMSCoreResources.bundle/road_256-64.png ... 
1934 bytes for ./Payload/CleaningApp.app/GoogleMaps.bundle/GMSCoreResources.bundle/road_256-64.png
copying file ./Payload/CleaningApp.app/GoogleMaps.bundle/GMSCoreResources.bundle/button_compass.png ... 
631 bytes for ./Payload/CleaningApp.app/GoogleMaps.bundle/GMSCoreResources.bundle/button_compass.png
copying file ./Payload/CleaningApp.app/GoogleMaps.bundle/GMSCoreResources.bundle/sv.lproj/GMSCore.strings ... 
893 bytes for ./Payload/CleaningApp.app/GoogleMaps.bundle/GMSCoreResources.bundle/sv.lproj/GMSCore.strings
copying file ./Payload/CleaningApp.app/GoogleMaps.bundle/GMSCoreResources.bundle/road_8-2.png ... 
93 bytes for ./Payload/CleaningApp.app/GoogleMaps.bundle/GMSCoreResources.bundle/road_8-2.png
copying file ./Payload/CleaningApp.app/GoogleMaps.bundle/GMSCoreResources.bundle/cs.lproj/GMSCore.strings ... 
940 bytes for ./Payload/Cleaning
2019-01-28 16:39:41 +0000  App.app/GoogleMaps.bundle/GMSCoreResources.bundle/cs.lproj/GMSCore.strings
copying file ./Payload/CleaningApp.app/GoogleMaps.bundle/GMSCoreResources.bundle/button_background.png ... 
334 bytes for ./Payload/CleaningApp.app/GoogleMaps.bundle/GMSCoreResources.bundle/button_background.png
copying file ./Payload/CleaningApp.app/GoogleMaps.bundle/GMSCoreResources.bundle/GMSNavNightModeSprites-0-1x.png ... 
3393 bytes for ./Payload/CleaningApp.app/GoogleMaps.bundle/GMSCoreResources.bundle/GMSNavNightModeSprites-0-1x.png
copying file ./Payload/CleaningApp.app/GoogleMaps.bundle/GMSCoreResources.bundle/button_my_location@2x.png ... 
1229 bytes for ./Payload/CleaningApp.app/GoogleMaps.bundle/GMSCoreResources.bundle/button_my_location@2x.png
copying file ./Payload/CleaningApp.app/GoogleMaps.bundle/GMSCoreResources.bundle/en_IN.lproj/GMSCore.strings ... 
801 bytes for ./Payload/CleaningApp.app/GoogleMaps.bundle/GMSCoreResources.bundle/en_IN.lproj/GMSCore.strings
copying file ./Payload/CleaningApp.app/GoogleMaps.bundle/GMSCoreResources.bundle/ko.lproj/GMSCore.strings ... 
814 bytes for ./Payload/CleaningApp.app/GoogleMaps.bundle/GMSCoreResources.bundle/ko.lproj/GMSCore.strings
copying file ./Payload/CleaningApp.app/GoogleMaps.bundle/GMSCoreResources.bundle/GMSNavSprites-0-2x.png ... 
7465 bytes for ./Payload/CleaningApp.app/GoogleMaps.bundle/GMSCoreResources.bundle/GMSNavSprites-0-2x.png
copying file ./Payload/CleaningApp.app/GoogleMaps.bundle/GMSCoreResources.bundle/ic_location_off@2x.png ... 
2019-01-28 16:39:41 +0000  860 bytes for ./Payload/CleaningApp.app/GoogleMaps.bundle/GMSCoreResources.bundle/ic_location_off@2x.png
copying file ./Payload/CleaningApp.app/GoogleMaps.bundle/GMSCoreResources.bundle/GMSNavSprites-0-1x.png ... 
3246 bytes for ./Payload/CleaningApp.app/GoogleMaps.bundle/GMSCoreResources.bundle/GMSNavSprites-0-1x.png
copying file ./Payload/CleaningApp.app/GoogleMaps.bundle/GMSCoreResources.bundle/no.lproj/GMSCore.strings ... 
841 bytes for ./Payload/CleaningApp.app/GoogleMaps.bundle/GMSCoreResources.bundle/no.lproj/GMSCore.strings
copying file ./Payload/CleaningApp.app/GoogleMaps.bundle/GMSCoreResources.bundle/Tharlon-Regular.ttf ... 
2019-01-28 16:39:41 +0000  353228 bytes for ./Payload/CleaningApp.app/GoogleMaps.bundle/GMSCoreResources.bundle/Tharlon-Regular.ttf
2019-01-28 16:39:41 +0000  copying file ./Payload/CleaningApp.app/GoogleMaps.bundle/GMSCoreResources.bundle/hu.lproj/GMSCore.strings ... 
2019-01-28 16:39:41 +0000  996 bytes for ./Payload/CleaningApp.app/GoogleMaps.bundle/GMSCoreResources.bundle/hu.lproj/GMSCore.strings
copying file ./Payload/CleaningApp.app/GoogleMaps.bundle/GMSCoreResources.bundle/zh_HK.lproj/GMSCore.strings ... 
738 bytes for ./Payload/CleaningApp.app/GoogleMaps.bundle/GMSCoreResources.bundle/zh_HK.lproj/GMSCore.strings
copying file ./Payload/CleaningApp.app/GoogleMaps.bundle/GMSCoreResources.bundle/road_4-1.png ... 
74 bytes for ./Payload/CleaningApp.app/GoogleMaps.bundle/GMSCoreResources.bundle/road_4-1.png
copying file ./Payload/CleaningApp.app/GoogleMaps.bundle/GMSCoreResources.bundle/button_background@2x.png ... 
433 bytes for ./Payload/CleaningApp.app/GoogleMaps.bundle/GMSCoreResources.bundle/button_background@2x.png
copying file ./Payload/CleaningApp.app/GoogleMaps.bundle/GMSCoreResources.bundle/ic_compass_needle@2x.png ... 
992 bytes for ./Payload/CleaningApp.app/GoogleMaps.bundle/GMSCoreResources.bundle/ic_compass_needle@2x.png
copying file ./Payload/CleaningApp.app/GoogleMaps.bundle/GMSCoreResources.bundle/Assets.car ... 
46179 bytes for ./Payload/CleaningApp.app/GoogleMaps.bundle/GMSCoreResources.bundle/Assets.car
copying file ./Payload/CleaningApp.app/GoogleMaps.bundle/GMSCoreResources.bundle/tr.lproj/GMSCore.strings ... 
944 bytes for ./Payload/CleaningApp.app/GoogleMaps.bundle/GMSCoreResources.bundle/tr.lproj/GMSCore.strings
copying file ./Payload/CleaningApp.app/GoogleMaps.bundle/GMSCoreResources.bundle/pl.lproj/GMSCore.strings ... 
897 bytes for ./Payload/CleaningApp.app/GoogleMaps.bundle/GMSCoreResources.bundle/pl.lproj/GMSCore.strings
copying file ./Payload/CleaningApp.app/GoogleMaps.bundle/GMSCoreResources.bundle/zh_TW.lproj/GMSCore.strings ... 
754 bytes for ./Payload/CleaningApp.app/GoogleMaps.bundle/GMSCoreResources.bundle/zh_TW.lproj/GMSCore.strings
copying file ./Payload/CleaningApp.app/GoogleMaps.bundle/GMSCoreResources.bundle/GMSNavNightModeSprites-0-2x.png ... 
7660 bytes for ./Payload/CleaningApp.app/GoogleMaps.bundle/GMSCoreResources.bundle/GMSNavNightModeSprites-0-2x.png
copying file ./Payload/CleaningApp.app/GoogleMaps.bundle/GMSCoreResources.bundle/GMSNavNightModeSprites-0-3x.png ... 
12519 bytes for ./Payload/CleaningApp.app/GoogleMaps.bundle/GMSCoreResources.bundle/GMSNavNightModeSprites-0-3x.png
copying file ./Payload/CleaningApp.app/GoogleMaps.bundle/GMSCoreResources.bundle/en_GB.lproj/GMSCore.strings ... 
801 bytes for ./Payload/CleaningApp.app/GoogleMaps.bundle/GMSCoreResources.bundle/en_GB.lproj/GMSCore.strings
copying file ./Payload/CleaningApp.app/GoogleMaps.bundle/GMSCoreResources.bundle/traffic_greyscale2.png ... 
382 bytes for ./Payload/CleaningApp.app/GoogleMaps.bundle/GMSCoreResources.bundle/traffic_greyscale2.png
copying file ./Payload/CleaningApp.app/GoogleMaps.bundle/GMSCoreResources.bundle/dav_one_way_16_256.png ... 
2019-01-28 16:39:41 +0000  315 bytes for ./Payload/CleaningApp.app/GoogleMaps.bundle/GMSCoreResources.bundle/dav_one_way_16_256.png
2019-01-28 16:39:41 +0000  copying file ./Payload/CleaningApp.app/GoogleMaps.bundle/GMSCoreResources.bundle/road_2-1.png ... 
84 bytes for ./Payload/CleaningApp.app/GoogleMaps.bundle/GMSCoreResources.bundle/road_2-1.png
copying file ./Payload/CleaningApp.app/GoogleMaps.bundle/GMSCoreResources.bundle/vi.lproj/GMSCore.strings ... 
995 bytes for ./Payload/CleaningApp.app/GoogleMaps.bundle/GMSCoreResources.bundle/vi.lproj/GMSCore.strings
copying file ./Payload/CleaningApp.app/GoogleMaps.bundle/GMSCoreResources.bundle/button_background@3x.png ... 
515 bytes for ./Payload/CleaningApp.app/GoogleMaps.bundle/GMSCoreResources.bundle/button_background@3x.png
copying file ./Payload/CleaningApp.app/GoogleMaps.bundle/GMSCoreResources.bundle/road_32-8.png ... 
223 bytes for ./Payload/CleaningApp.app/GoogleMaps.bundle/GMSCoreResources.bundle/road_32-8.png
copying file ./Payload/CleaningApp.app/GoogleMaps.bundle/GMSCoreResources.bundle/lv.lproj/GMSCore.strings ... 
801 bytes for ./Payload/CleaningApp.app/GoogleMaps.bundle/GMSCoreResources.bundle/lv.lproj/GMSCore.strings
copying file ./Payload/CleaningApp.app/GoogleMaps.bundle/GMSCoreResources.bundle/lt.lproj/GMSCore.strings ... 
801 bytes for ./Payload/CleaningApp.app/GoogleMaps.bundle/GMSCoreResources.bundle/lt.lproj/GMSCore.strings
copying file ./Payload/CleaningApp.app/GoogleMaps.bundle/GMSCoreResources.bundle/ru.lproj/GMSCore.strings ... 
1066 bytes for ./Payload/CleaningApp.app/GoogleMaps.bundle/GMSCoreResources.bundle/ru.lproj/GMSCore.strings
copying file ./Payload/CleaningApp.app/GoogleMaps.bundle/GMSCoreResources.bundle/traffic_greyscale1.png ... 
342 bytes for ./Payload/CleaningApp.app/GoogleMaps.bundle/GMSCoreResources.bundle/traffic_greyscale1.png
copying file ./Payload/CleaningApp.app/GoogleMaps.bundle/GMSCoreResources.bundle/polyline_colors_texture_dim.png ... 
7026 bytes for ./Payload/CleaningApp.app/GoogleMaps.bundle/GMSCoreResources.bundle/polyline_colors_texture_dim.png
copying file ./Payload/CleaningApp.app/GoogleMaps.bundle/GMSCoreResources.bundle/fr_CA.lproj/GMSCore.strings ... 
908 bytes for ./Payload/CleaningApp.app/GoogleMaps.bundle/GMSCoreResources.bundle/fr_CA.lproj/GMSCore.strings
copying file ./Payload/CleaningApp.app/GoogleMaps.bundle/GMSCoreResources.bundle/road_128-32.png ... 
1029 bytes for ./Payload/CleaningApp.app/GoogleMaps.bundle/GMSCoreResources.bundle/road_128-32.png
copying file ./Payload/CleaningApp.app/GoogleMaps.bundle/GMSCoreResources.bundle/fr.lproj/GMSCore.strings ... 
1038 bytes for ./Payload/CleaningApp.app/GoogleMaps.bundle/GMSCoreResources.bundle/fr.lproj/GMSCore.strings
copying file ./Payload/CleaningApp.app/GoogleMaps.bundle/GMSCoreResources.bundle/fi.lproj/GMSCore.strings ... 
881 bytes for ./Payload/CleaningApp.app/GoogleMaps.bundle/GMSCoreResources.bundle/fi.lproj/GMSCore.strings
copying file ./Payload/CleaningApp.app/GoogleMaps.bundle/GMSCoreResources.bundle/id.lproj/GMSCore.strings ... 
816 bytes for ./Payload/CleaningApp.app/GoogleMaps.bundle/GMSCoreResources.bundle/id.lproj/GMSCore.strings
copying file ./Payload/CleaningApp.app/GoogleMaps.bundle/GMSCoreResources.bundle/nl.lproj/GMSCore.strings ... 
865 bytes for ./Payload/CleaningApp.app/GoogleMaps.bundle/GMSCoreResources.bundle/nl.lproj/GMSCore.strings
copying file ./Payload/CleaningApp.app/GoogleMaps.bundle/GMSCoreResources.bundle/th.lproj/GMSCore.strings ... 
896 bytes for ./Payload/CleaningApp.app/GoogleMaps.bundle/GMSCoreResources.bundle/th.lproj/GMSCore.strings
copying file ./Payload/CleaningApp.app/GoogleMaps.bundle/GMSCoreResources.bundle/road_64-16.png ... 
425 bytes for ./Payload/CleaningApp.app/GoogleMaps.bundle/GMSCoreResources.bundle/road_64-16.png
copying file ./Payload/CleaningApp.app/GoogleMaps.bundle/GMSCoreResources.bundle/GMSSprites-0-3x.png ... 
42326 bytes for ./Payload/CleaningApp.app/GoogleMaps.bundle/GMSCoreResources.bundle/GMSSprites-0-3x.png
copying file ./Payload/CleaningApp.app/GoogleMaps.bundle/GMSCoreResources.bundle/polyline_colors_texture.png ... 
6982 bytes for ./Payload/CleaningApp.app/GoogleMaps.bundle/GMSCoreResources.bundle/polyline_colors_texture.png
copying file ./Paylo
2019-01-28 16:39:41 +0000  ad/CleaningApp.app/GoogleMaps.bundle/GMSCoreResources.bundle/ic_compass_needle.png ... 
483 bytes for ./Payload/CleaningApp.app/GoogleMaps.bundle/GMSCoreResources.bundle/ic_compass_needle.png
copying file ./Payload/CleaningApp.app/GoogleMaps.bundle/GMSCoreResources.bundle/pt.lproj/GMSCore.strings ... 
948 bytes for ./Payload/CleaningApp.app/GoogleMaps.bundle/GMSCoreResources.bundle/pt.lproj/GMSCore.strings
copying file ./Payload/CleaningApp.app/GoogleMaps.bundle/GMSCoreResources.bundle/road_1-1.png ... 
95 bytes for ./Payload/CleaningApp.app/GoogleMaps.bundle/GMSCoreResources.bundle/road_1-1.png
copying file ./Payload/CleaningApp.app/GoogleMaps.bundle/GMSCoreResources.bundle/ic_location_off.png ... 
498 bytes for ./Payload/CleaningApp.app/GoogleMaps.bundle/GMSCoreResources.bundle/ic_location_off.png
copying file ./Payload/CleaningApp.app/GoogleMaps.bundle/GMSCoreResources.bundle/ro.lproj/GMSCore.strings ... 
985 bytes for ./Payload/CleaningApp.app/GoogleMaps.bundle/GMSCoreResources.bundle/ro.lproj/GMSCore.strings
copying file ./Payload/CleaningApp.app/GoogleMaps.bundle/GMSCoreResources.bundle/traffic_startcap.png ... 
243 bytes for ./Payload/CleaningApp.app/GoogleMaps.bundle/GMSCoreResources.bundle/traffic_startcap.png
copying file ./Payload/CleaningApp.app/GoogleMaps.bundle/GMSCoreResources.bundle/Info.plist ... 
510 bytes for ./Payload/CleaningApp.app/GoogleMaps.bundle/GMSCoreResources.bundle/Info.plist
copying file ./Payload/CleaningApp.app/GoogleMaps.bundle/GMSCoreResources.bundle/GMSSprites-0-2x.png ... 
25169 bytes for ./Payload/CleaningApp.app/GoogleMaps.bundle/GMSCoreResources.bundle/GMSSprites-0-2x.png
copying file ./Payload/CleaningApp.app/GoogleMaps.bundle/GMSCoreResources.bundle/button_compass_night@2x.png ... 
2221 bytes for ./Payload/CleaningApp.app/GoogleMaps.bundle/GMSCoreResources.bundle/button_compass_night@2x.png
copying file ./Payload/CleaningApp.app/GoogleMaps.bundle/GMSCoreResources.bundle/button_compass@2x.png ... 
2560 bytes for ./Payload/CleaningApp.app/GoogleMaps.bundle/GMSCoreResources.bundle/button_compass@2x.png
copying file ./Payload/CleaningApp.app/GoogleMaps.bundle/GMSCoreResources.bundle/hr.lproj/GMSCore.strings ... 
909 bytes for ./Payload/CleaningApp.app/GoogleMaps.bundle/GMSCoreResources.bundle/hr.lproj/GMSCore.strings
copying file ./Payload/CleaningApp.app/GoogleMaps.bundle/GMSCoreResources.bundle/hi.lproj/GMSCore.strings ... 
994 bytes for ./Payload/CleaningApp.app/GoogleMaps.bundle/GMSCoreResources.bundle/hi.lproj/GMSCore.strings
copying file ./Payload/CleaningApp.app/GoogleMaps.bundle/GMSCoreResources.bundle/ca.lproj/GMSCore.strings ... 
1014 bytes for ./Payload/CleaningApp.app/GoogleMaps.bundle/GMSCoreResources.bundle/ca.lproj/GMSCore.strings
copying file ./Payload/CleaningApp.app/GoogleMaps.bundle/default_marker.png ... 
1221 bytes for ./Payload/CleaningApp.app/GoogleMaps.bundle/default_marker.png
copying file ./Payload/CleaningApp.app/GoogleMaps.bundle/oss_licenses_maps.txt.gz ... 
22555 bytes for ./Payload/CleaningApp.app/GoogleMaps.bundle/oss_licenses_maps.txt.gz
copying file ./Payload/CleaningApp.app/GoogleMaps.bundle/bubble_right.png ... 
455 bytes for ./Payload/CleaningApp.app/GoogleMaps.bundle/bubble_right.png
copying file ./Payload/CleaningApp.app/GoogleMaps.bundle/default_marker@3x.png ... 
6988 bytes for ./Payload/CleaningApp.app/GoogleMaps.bundle/default_marker@3x.png
copying file ./Payload/CleaningApp.app/GoogleMaps.bundle/default_marker@2x.png ... 
2531 bytes for ./Payload/CleaningApp.app/GoogleMaps.bundle/default_marker@2x.png
copying file ./Payload/CleaningApp.app/GoogleMaps.bundle/GMSCacheStorage.momd/Storage.mom ... 
4576 bytes for ./Payload/CleaningApp.app/GoogleMaps.bundle/GMSCacheStorage.momd/Storage.mom
copying file ./Payload/CleaningApp.app/GoogleMaps.bundle/GMSCacheStorage.momd/VersionInfo.plist ... 
807 bytes for ./Payload/CleaningApp.app/GoogleMaps.bundle/GMSCacheStorage.momd/VersionInfo.plist
copying file ./Payload/CleaningApp.app/GoogleMaps.bundle/GMSCacheStorage.momd/StorageWithTileVersionID.omo ... 
10296 bytes for ./Payload/CleaningApp.app/GoogleMaps
2019-01-28 16:39:41 +0000  .bundle/GMSCacheStorage.momd/StorageWithTileVersionID.omo
copying file ./Payload/CleaningApp.app/GoogleMaps.bundle/GMSCacheStorage.momd/StorageWithTileVersionID.mom ... 
2019-01-28 16:39:41 +0000  4682 bytes for ./Payload/CleaningApp.app/GoogleMaps.bundle/GMSCacheStorage.momd/StorageWithTileVersionID.mom
2019-01-28 16:39:41 +0000  copying file ./Payload/CleaningApp.app/GoogleMaps.bundle/Info.plist ... 
2019-01-28 16:39:41 +0000  499 bytes for ./Payload/CleaningApp.app/GoogleMaps.bundle/Info.plist
copying file ./Payload/CleaningApp.app/Montserrat-Light.otf ... 
2019-01-28 16:39:41 +0000  228068 bytes for ./Payload/CleaningApp.app/Montserrat-Light.otf
2019-01-28 16:39:41 +0000  copying file ./Payload/CleaningApp.app/MaterialCommunityIcons.ttf ... 
2019-01-28 16:39:41 +0000  322456 bytes for ./Payload/CleaningApp.app/MaterialCommunityIcons.ttf
2019-01-28 16:39:41 +0000  copying file ./Payload/CleaningApp.app/AppIcon-157x57.png ... 
2019-01-28 16:39:41 +0000  1271 bytes for ./Payload/CleaningApp.app/AppIcon-157x57.png
2019-01-28 16:39:41 +0000  copying file ./Payload/CleaningApp.app/AppIcon-160x60@2x.png ... 
2019-01-28 16:39:41 +0000  2881 bytes for ./Payload/CleaningApp.app/AppIcon-160x60@2x.png
2019-01-28 16:39:41 +0000  copying file ./Payload/CleaningApp.app/AppIcon-129x29@2x.png ... 
2019-01-28 16:39:41 +0000  1254 bytes for ./Payload/CleaningApp.app/AppIcon-129x29@2x.png
copying file ./Payload/CleaningApp.app/AppIcon-172x72@2x~ipad.png ... 
2019-01-28 16:39:41 +0000  3453 bytes for ./Payload/CleaningApp.app/AppIcon-172x72@2x~ipad.png
2019-01-28 16:39:41 +0000  copying file ./Payload/CleaningApp.app/AppIcon-140x40@3x.png ... 
2881 bytes for ./Payload/CleaningApp.app/AppIcon-140x40@3x.png
copying file ./Payload/CleaningApp.app/AppIcon-157x57@2x.png ... 
2820 bytes for ./Payload/CleaningApp.app/AppIcon-157x57@2x.png
copying file ./Payload/CleaningApp.app/Foundation.ttf ... 
2019-01-28 16:39:41 +0000  56976 bytes for ./Payload/CleaningApp.app/Foundation.ttf
2019-01-28 16:39:41 +0000  copying file ./Payload/CleaningApp.app/Ionicons.ttf ... 
2019-01-28 16:39:42 +0000  143936 bytes for ./Payload/CleaningApp.app/Ionicons.ttf
2019-01-28 16:39:42 +0000  copying file ./Payload/CleaningApp.app/AppIcon-140x40@2x.png ... 
2019-01-28 16:39:42 +0000  2025 bytes for ./Payload/CleaningApp.app/AppIcon-140x40@2x.png
2019-01-28 16:39:42 +0000  copying file ./Payload/CleaningApp.app/AppIcon-129x29~ipad.png ... 
2019-01-28 16:39:42 +0000  653 bytes for ./Payload/CleaningApp.app/AppIcon-129x29~ipad.png
copying file ./Payload/CleaningApp.app/AppIcon-129x29@3x.png ... 
2019-01-28 16:39:42 +0000  2209 bytes for ./Payload/CleaningApp.app/AppIcon-129x29@3x.png
copying file ./Payload/CleaningApp.app/AppIcon-160x60@3x.png ... 
3935 bytes for ./Payload/CleaningApp.app/AppIcon-160x60@3x.png
copying file ./Payload/CleaningApp.app/Base.lproj/LaunchScreen.nib ... 
5830 bytes for ./Payload/CleaningApp.app/Base.lproj/LaunchScreen.nib
copying file ./Payload/CleaningApp.app/FontAwesome.ttf ... 
2019-01-28 16:39:42 +0000  165548 bytes for ./Payload/CleaningApp.app/FontAwesome.ttf
2019-01-28 16:39:42 +0000  copying file ./Payload/CleaningApp.app/Montserrat-Medium.otf ... 
2019-01-28 16:39:42 +0000  230356 bytes for ./Payload/CleaningApp.app/Montserrat-Medium.otf
2019-01-28 16:39:42 +0000  copying file ./Payload/CleaningApp.app/Zocial.ttf ... 
2019-01-28 16:39:42 +0000  25552 bytes for ./Payload/CleaningApp.app/Zocial.ttf
2019-01-28 16:39:42 +0000  copying file ./Payload/CleaningApp.app/AppIcon-140x40@2x~ipad.png ... 
2019-01-28 16:39:42 +0000  2025 bytes for ./Payload/CleaningApp.app/AppIcon-140x40@2x~ipad.png
copying file ./Payload/CleaningApp.app/AppIcon-176x76@2x~ipad.png ... 
2019-01-28 16:39:42 +0000  3396 bytes for ./Payload/CleaningApp.app/AppIcon-176x76@2x~ipad.png
2019-01-28 16:39:42 +0000  copying file ./Payload/CleaningApp.app/Assets.car ... 
2019-01-28 16:39:42 +0000  767032 bytes for ./Payload/CleaningApp.app/Assets.car
2019-01-28 16:39:42 +0000  copying file ./Payload/CleaningApp.app/main.jsbundle.meta ... 
2019-01-28 16:39:42 +0000  21 bytes for ./Payload/CleaningApp.app/main.jsbundle.meta
copying file ./Payload/CleaningApp.app/EvilIcons.ttf ... 
2019-01-28 16:39:42 +0000  13128 bytes for ./Payload/CleaningApp.app/EvilIcons.ttf
2019-01-28 16:39:42 +0000  copying file ./Payload/CleaningApp.app/AppIcon-183.5x83.5@2x~ipad.png ... 
2019-01-28 16:39:42 +0000  3877 bytes for ./Payload/CleaningApp.app/AppIcon-183.5x83.5@2x~ipad.png
2019-01-28 16:39:42 +0000  copying file ./Payload/CleaningApp.app/main.jsbundle ... 
2019-01-28 16:39:42 +0000  2177320 bytes for ./Payload/CleaningApp.app/main.jsbundle
2019-01-28 16:39:42 +0000  copying file ./Payload/CleaningApp.app/AppIcon-172x72~ipad.png ... 
2019-01-28 16:39:42 +0000  1842 bytes for ./Payload/CleaningApp.app/AppIcon-172x72~ipad.png
2019-01-28 16:39:42 +0000  copying file ./Payload/CleaningApp.app/Montserrat-Regular.otf ... 
2019-01-28 16:39:42 +0000  228620 bytes for ./Payload/CleaningApp.app/Montserrat-Regular.otf
2019-01-28 16:39:42 +0000  copying file ./Payload/CleaningApp.app/CleaningApp ... 
2019-01-28 16:39:42 +0000  17187680 bytes for ./Payload/CleaningApp.app/CleaningApp
copying file ./Payload/CleaningApp.app/AppIcon-150x50~ipad.png ... 
2019-01-28 16:39:42 +0000  1147 bytes for ./Payload/CleaningApp.app/AppIcon-150x50~ipad.png
copying file ./Payload/CleaningApp.app/AppIcon-150x50@2x~ipad.png ... 
2554 bytes for ./Payload/CleaningApp.app/AppIcon-150x50@2x~ipad.png
2019-01-28 16:39:42 +0000  copying file ./Payload/CleaningApp.app/AppIcon-120x20~ipad.png ... 
508 bytes for ./Payload/CleaningApp.app/AppIcon-120x20~ipad.png
copying file ./Payload/CleaningApp.app/SimpleLineIcons.ttf ... 
2019-01-28 16:39:42 +0000  54056 bytes for ./Payload/CleaningApp.app/SimpleLineIcons.ttf
copying file ./Payload/CleaningApp.app/AppIcon-140x40~ipad.png ... 
2019-01-28 16:39:42 +0000  1001 bytes for ./Payload/CleaningApp.app/AppIcon-140x40~ipad.png
copying file ./Payload/CleaningApp.app/AppIcon-129x29@2x~ipad.png ... 
2019-01-28 16:39:42 +0000  1254 bytes for ./Payload/CleaningApp.app/AppIcon-129x29@2x~ipad.png
copying file ./Payload/CleaningApp.app/embedded.mobileprovision ... 
2019-01-28 16:39:42 +0000  7831 bytes for ./Payload/CleaningApp.app/embedded.mobileprovision
2019-01-28 16:39:42 +0000  copying file ./Payload/CleaningApp.app/assets/node_modules/react-navigation/src/views/assets/back-icon@3x.png ... 
2019-01-28 16:39:42 +0000  1848 bytes for ./Payload/CleaningApp.app/assets/node_modules/react-navigation/src/views/assets/back-icon@3x.png
copying file ./Payload/CleaningApp.app/assets/node_modules/react-navigation/src/views/assets/back-icon@2x.png ... 
2019-01-28 16:39:42 +0000  966 bytes for ./Payload/CleaningApp.app/assets/node_modules/react-navigation/src/views/assets/back-icon@2x.png
copying file ./Payload/CleaningApp.app/assets/node_modules/react-navigation/src/views/assets/back-icon.png ... 
2019-01-28 16:39:42 +0000  491 bytes for ./Payload/CleaningApp.app/assets/node_modules/react-navigation/src/views/assets/back-icon.png
copying file ./Payload/CleaningApp.app/assets/node_modules/react-navigation/src/views/assets/back-icon-mask.png ... 
2019-01-28 16:39:42 +0000  1887 bytes for ./Payload/CleaningApp.app/assets/node_modules/react-navigation/src/views/assets/back-icon-mask.png
2019-01-28 16:39:42 +0000  copying file ./Payload/CleaningApp.app/assets/node_modules/react-native-credit-card-input/images/card-front.png ... 
2019-01-28 16:39:42 +0000  108612 bytes for ./Payload/CleaningApp.app/assets/node_modules/react-native-credit-card-input/images/card-front.png
2019-01-28 16:39:42 +0000  copying file ./Payload/CleaningApp.app/assets/node_modules/react-native-credit-card-input/images/card-back.png ... 
2019-01-28 16:39:42 +0000  70141 bytes for ./Payload/CleaningApp.app/assets/node_modules/react-native-credit-card-input/images/card-back.png
2019-01-28 16:39:42 +0000  copying file ./Payload/CleaningApp.app/assets/node_modules/react-native-credit-card-input/src/icons/stp_card_mastercard.png ... 
2019-01-28 16:39:42 +0000  24368 bytes for ./Payload/CleaningApp.app/assets/node_modules/react-native-credit-card-input/src/icons/stp_card_mastercard.png
2019-01-28 16:39:42 +0000  copying file ./Payload/CleaningApp.app/assets/node_modules/react-native-credit-card-input/src/icons/stp_card_amex.png ... 
2019-01-28 16:39:42 +0000  24368 bytes for ./Payload/CleaningApp.app/assets/node_modules/react-native-credit-card-input/src/icons/stp_card_amex.png
2019-01-28 16:39:42 +0000  copying file ./Payload/CleaningApp.app/assets/node_modules/react-native-credit-card-input/src/icons/stp_card_discover.png ... 
2019-01-28 16:39:42 +0000  24368 bytes for ./Payload/CleaningApp.app/assets/node_modules/react-native-credit-card-input/src/icons/stp_card_discover.png
2019-01-28 16:39:42 +0000  copying file ./Payload/CleaningApp.app/assets/node_modules/react-native-credit-card-input/src/icons/stp_card_cvc.png ... 
2019-01-28 16:39:42 +0000  24368 bytes for ./Payload/CleaningApp.app/assets/node_modules/react-native-credit-card-input/src/icons/stp_card_cvc.png
2019-01-28 16:39:42 +0000  copying file ./Payload/CleaningApp.app/assets/node_modules/react-native-credit-card-input/src/icons/stp_card_cvc_amex.png ... 
2019-01-28 16:39:42 +0000  24368 bytes for ./Payload/CleaningApp.app/assets/node_modules/react-native-credit-card-input/src/icons/stp_card_cvc_amex.png
2019-01-28 16:39:42 +0000  copying file ./Payload/CleaningApp.app/assets/node_modules/react-native-credit-card-input/src/icons/stp_card_diners.png ... 
2019-01-28 16:39:42 +0000  24368 bytes for ./Payload/CleaningApp.app/assets/node_modules/react-native-credit-card-input/src/icons/stp_card_diners.png
2019-01-28 16:39:42 +0000  copying file ./Payload/CleaningApp.app/assets/node_modules/react-native-credit-card-input/src/icons/stp_card_unknown.png ... 
2019-01-28 16:39:42 +0000  24368 bytes for ./Payload/CleaningApp.app/assets/node_modules/react-native-credit-card-input/src/icons/stp_card_unknown.png
copying file ./Payload/CleaningApp.app/assets/node_modules/react-native-credit-card-input/src/icons/stp_card_visa.png ... 
2019-01-28 16:39:42 +0000  24368 bytes for ./Payload/CleaningApp.app/assets/node_modules/react-native-credit-card-input/src/icons/stp_card_visa.png
2019-01-28 16:39:42 +0000  copying file ./Payload/CleaningApp.app/assets/node_modules/react-native-credit-card-input/src/icons/stp_card_jcb.png ... 
2019-01-28 16:39:42 +0000  24368 bytes for ./Payload/CleaningApp.app/assets/node_modules/react-native-credit-card-input/src/icons/stp_card_jcb.png
2019-01-28 16:39:42 +0000  copying file ./Payload/CleaningApp.app/assets/node_modules/react-native-calendars/src/calendar/img/previous@2x.png ... 
2019-01-28 16:39:42 +0000  458 bytes for ./Payload/CleaningApp.app/assets/node_modules/react-native-calendars/src/calendar/img/previous@2x.png
copying file ./Payload/CleaningApp.app/assets/node_modules/react-native-calendars/src/calendar/img/next@2x.png ... 
2019-01-28 16:39:42 +0000  462 bytes for ./Payload/CleaningApp.app/assets/node_modules/react-native-calendars/src/calendar/img/next@2x.png
2019-01-28 16:39:42 +0000  copying file ./Payload/CleaningApp.app/assets/src/images/mapPin.png ... 
2019-01-28 16:39:42 +0000  632 bytes for ./Payload/CleaningApp.app/assets/src/images/mapPin.png
copying file ./Payload/CleaningApp.app/assets/src/images/individual.png ... 
2019-01-28 16:39:42 +0000  18236 bytes for ./Payload/CleaningApp.app/assets/src/images/individual.png
2019-01-28 16:39:42 +0000  copying file ./Payload/CleaningApp.app/assets/src/images/pin.png ... 
2019-01-28 16:39:42 +0000  3002 bytes for ./Payload/CleaningApp.app/assets/src/images/pin.png
copying file ./Payload/CleaningApp.app/assets/src/images/deepCleaningPale.png ... 
2019-01-28 16:39:42 +0000  26385 bytes for ./Payload/CleaningApp.app/assets/src/images/deepCleaningPale.png
2019-01-28 16:39:42 +0000  copying file ./Payload/CleaningApp.app/assets/src/images/buildings.png ... 
1854 bytes for ./Payload/CleaningApp.app/assets/src/images/buildings.png
2019-01-28 16:39:42 +0000  copying file ./Payload/CleaningApp.app/assets/src/images/complex.png ... 
2019-01-28 16:39:42 +0000  7201 bytes for ./Payload/CleaningApp.app/assets/src/images/complex.png
copying file ./Payload/CleaningApp.app/assets/src/images/LateAfternoon.png ... 
2019-01-28 16:39:42 +0000  20499 bytes for ./Payload/CleaningApp.app/assets/src/images/LateAfternoon.png
2019-01-28 16:39:42 +0000  copying file ./Payload/CleaningApp.app/assets/src/images/black.png ... 
2019-01-28 16:39:42 +0000  3492 bytes for ./Payload/CleaningApp.app/assets/src/images/black.png
copying file ./Payload/CleaningApp.app/assets/src/images/deepCleaning.png ... 
2019-01-28 16:39:42 +0000  26385 bytes for ./Payload/CleaningApp.app/assets/src/images/deepCleaning.png
2019-01-28 16:39:42 +0000  copying file ./Payload/CleaningApp.app/assets/src/images/list.png ... 
282 bytes for ./Payload/CleaningApp.app/assets/src/images/list.png
copying file ./Payload/CleaningApp.app/assets/src/images/timer.png ... 
2019-01-28 16:39:42 +0000  14331 bytes for ./Payload/CleaningApp.app/assets/src/images/timer.png
2019-01-28 16:39:42 +0000  copying file ./Payload/CleaningApp.app/assets/src/images/calendar.png ... 
2019-01-28 16:39:42 +0000  1214 bytes for ./Payload/CleaningApp.app/assets/src/images/calendar.png
copying file ./Payload/CleaningApp.app/assets/src/images/grey.png ... 
184 bytes for ./Payload/CleaningApp.app/assets/src/images/grey.png
copying file ./Payload/CleaningApp.app/assets/src/images/clock.png ... 
862 bytes for ./Payload/CleaningApp.app/assets/src/images/clock.png
copying file ./Payload/CleaningApp.app/assets/src/images/1Green.png ... 
2019-01-28 16:39:42 +0000  403 bytes for ./Payload/CleaningApp.app/assets/src/images/1Green.png
copying file ./Payload/CleaningApp.app/assets/src/images/1Morning.png ... 
2019-01-28 16:39:42 +0000  20624 bytes for ./Payload/CleaningApp.app/assets/src/images/1Morning.png
2019-01-28 16:39:42 +0000  copying file ./Payload/CleaningApp.app/assets/src/images/2LateMorning.png ... 
2019-01-28 16:39:42 +0000  21843 bytes for ./Payload/CleaningApp.app/assets/src/images/2LateMorning.png
2019-01-28 16:39:42 +0000  copying file ./Payload/CleaningApp.app/assets/src/images/basicCleaningPale.png ... 
2019-01-28 16:39:42 +0000  23505 bytes for ./Payload/CleaningApp.app/assets/src/images/basicCleaningPale.png
2019-01-28 16:39:42 +0000  copying file ./Payload/CleaningApp.app/assets/src/images/basicCleaning.png ... 
2019-01-28 16:39:42 +0000  23505 bytes for ./Payload/CleaningApp.app/assets/src/images/basicCleaning.png
copying file ./Payload/CleaningApp.app/assets/src/images/white.png ... 
2019-01-28 16:39:42 +0000  762 bytes for ./Payload/CleaningApp.app/assets/src/images/white.png
2019-01-28 16:39:42 +0000  copying file ./Payload/CleaningApp.app/assets/src/images/back.png ... 
609 bytes for ./Payload/CleaningApp.app/assets/src/images/back.png
2019-01-28 16:39:42 +0000  copying file ./Payload/CleaningApp.app/assets/src/images/3Afternoon.png ... 
2019-01-28 16:39:42 +0000  20536 bytes for ./Payload/CleaningApp.app/assets/src/images/3Afternoon.png
2019-01-28 16:39:42 +0000  copying file ./Payload/CleaningApp.app/Info.plist ... 
2019-01-28 16:39:42 +0000  2038 bytes for ./Payload/CleaningApp.app/Info.plist
copying file ./Payload/CleaningApp.app/AppIcon-176x76~ipad.png ... 
2019-01-28 16:39:42 +0000  1974 bytes for ./Payload/CleaningApp.app/AppIcon-176x76~ipad.png
copying file ./Payload/CleaningApp.app/PkgInfo ... 
2019-01-28 16:39:42 +0000  8 bytes for ./Payload/CleaningApp.app/PkgInfo
copying file ./Payload/CleaningApp.app/MaterialIcons.ttf ... 
2019-01-28 16:39:42 +0000  128180 bytes for ./Payload/CleaningApp.app/MaterialIcons.ttf
copying file ./Payload/CleaningApp.app/AppIcon-120x20@2x~ipad.png ... 
2019-01-28 16:39:42 +0000  1001 bytes for ./Payload/CleaningApp.app/AppIcon-120x20@2x~ipad.png
2019-01-28 16:39:42 +0000  copying file ./Payload/CleaningApp.app/Montserrat-SemiBold.otf ... 
2019-01-28 16:39:42 +0000  234056 bytes for ./Payload/CleaningApp.app/Montserrat-SemiBold.otf
2019-01-28 16:39:42 +0000  /usr/bin/ditto exited with 0
2019-01-28 16:39:42 +0000  Processing step: IDEDistributionAppStoreInformationStep
2019-01-28 16:39:42 +0000  Skipping step: IDEDistributionAppStoreInformationStep because it said so
2019-01-28 16:39:42 +0000  Processing step: IDEDistributionCreateManifestStep
